2023-05-15 11:24:15,360  INFO [main] DriverFactory:38 - browser name is: chrome
2023-05-15 11:24:15,364  INFO [main] DriverFactory:39 - launching chrome browser
2023-05-15 11:24:50,769  INFO [main] WebApi:44 - entering Orange HRM application URL
2023-05-15 11:24:54,516  INFO [main] WebApi:93 - entering credential on Orange HRM application
2023-05-15 11:25:02,977  INFO [main] WebApi:100 - clicking PIM On Orange HRM application
2023-05-15 11:25:06,222  INFO [main] WebApi:106 - clicking AddEmployee On Orange HRM application
2023-05-15 11:25:19,304  INFO [main] WebApi:117 - entering Orange HRM application details as First Name,lastName, middleName and click save button
2023-05-15 11:25:19,304  INFO [main] WebApi:118 - Getting Employee details added to application :: ->500000->23
2023-05-15 11:25:26,352  INFO [main] WebApi:125 - scrolled Orange HRM application 
2023-05-15 11:25:28,628  INFO [main] WebApi:130 - selecting dropdowns on Orange HRM application
2023-05-15 11:25:31,714  INFO [main] WebApi:135 - selected data on Hrm application
2023-05-15 11:25:31,842  INFO [main] WebApi:140 - successfully selected radio button
2023-05-15 11:25:32,235  INFO [main] WebApi:146 - Select Smoker checkbox on Hrm
2023-05-15 11:25:36,779 DEBUG [main] BasicClientConnectionManager:161 - Get connection for route {s}->https://dummy.restapiexample.com:443
2023-05-15 11:25:37,117 DEBUG [main] DefaultClientConnectionOperator:177 - Connecting to dummy.restapiexample.com:443
2023-05-15 11:25:38,355 DEBUG [main] RequestAddCookies:123 - CookieSpec selected: ignoreCookies
2023-05-15 11:25:38,355 DEBUG [main] RequestAuthCache:77 - Auth cache not set in the context
2023-05-15 11:25:38,363 DEBUG [main] RequestTargetAuthentication:80 - Target auth state: UNCHALLENGED
2023-05-15 11:25:38,363 DEBUG [main] RequestProxyAuthentication:89 - Proxy auth state: UNCHALLENGED
2023-05-15 11:25:38,363 DEBUG [main] DefaultHttpClient:677 - Attempt 1 to execute request
2023-05-15 11:25:38,363 DEBUG [main] DefaultClientConnection:274 - Sending request: POST /api/v1/create HTTP/1.1
2023-05-15 11:25:38,363 DEBUG [main] wire:73 -  >> "POST /api/v1/create HTTP/1.1[\r][\n]"
2023-05-15 11:25:38,371 DEBUG [main] wire:73 -  >> "Accept: */*[\r][\n]"
2023-05-15 11:25:38,371 DEBUG [main] wire:73 -  >> "Content-Type: text/plain; charset=ISO-8859-1[\r][\n]"
2023-05-15 11:25:38,371 DEBUG [main] wire:73 -  >> "Content-Length: 56[\r][\n]"
2023-05-15 11:25:38,371 DEBUG [main] wire:73 -  >> "Host: dummy.restapiexample.com[\r][\n]"
2023-05-15 11:25:38,371 DEBUG [main] wire:73 -  >> "Connection: Keep-Alive[\r][\n]"
2023-05-15 11:25:38,371 DEBUG [main] wire:73 -  >> "User-Agent: Apache-HttpClient/4.5.13 (Java/11.0.10)[\r][\n]"
2023-05-15 11:25:38,371 DEBUG [main] wire:73 -  >> "Accept-Encoding: gzip,deflate[\r][\n]"
2023-05-15 11:25:38,371 DEBUG [main] wire:73 -  >> "[\r][\n]"
2023-05-15 11:25:38,371 DEBUG [main] headers:278 - >> POST /api/v1/create HTTP/1.1
2023-05-15 11:25:38,371 DEBUG [main] headers:281 - >> Accept: */*
2023-05-15 11:25:38,379 DEBUG [main] headers:281 - >> Content-Type: text/plain; charset=ISO-8859-1
2023-05-15 11:25:38,379 DEBUG [main] headers:281 - >> Content-Length: 56
2023-05-15 11:25:38,379 DEBUG [main] headers:281 - >> Host: dummy.restapiexample.com
2023-05-15 11:25:38,379 DEBUG [main] headers:281 - >> Connection: Keep-Alive
2023-05-15 11:25:38,379 DEBUG [main] headers:281 - >> User-Agent: Apache-HttpClient/4.5.13 (Java/11.0.10)
2023-05-15 11:25:38,379 DEBUG [main] headers:281 - >> Accept-Encoding: gzip,deflate
2023-05-15 11:25:38,379 DEBUG [main] wire:87 -  >> " "{\"name\":\"\",\"salary\":\"500000\",\"age\":\"23\"}" "
2023-05-15 11:25:39,079 DEBUG [main] wire:73 -  << "HTTP/1.1 200 OK[\r][\n]"
2023-05-15 11:25:39,083 DEBUG [main] wire:73 -  << "Date: Mon, 15 May 2023 05:55:42 GMT[\r][\n]"
2023-05-15 11:25:39,083 DEBUG [main] wire:73 -  << "Server: Apache[\r][\n]"
2023-05-15 11:25:39,085 DEBUG [main] wire:73 -  << "Cache-Control: no-cache, private[\r][\n]"
2023-05-15 11:25:39,086 DEBUG [main] wire:73 -  << "X-RateLimit-Limit: 60[\r][\n]"
2023-05-15 11:25:39,087 DEBUG [main] wire:73 -  << "X-RateLimit-Remaining: 58[\r][\n]"
2023-05-15 11:25:39,088 DEBUG [main] wire:73 -  << "Upgrade: h2,h2c[\r][\n]"
2023-05-15 11:25:39,088 DEBUG [main] wire:73 -  << "Connection: Upgrade[\r][\n]"
2023-05-15 11:25:39,090 DEBUG [main] wire:73 -  << "Cache-Control: max-age=21600[\r][\n]"
2023-05-15 11:25:39,090 DEBUG [main] wire:73 -  << "Expires: Mon, 15 May 2023 11:55:42 GMT[\r][\n]"
2023-05-15 11:25:39,091 DEBUG [main] wire:73 -  << "Vary: Accept-Encoding[\r][\n]"
2023-05-15 11:25:39,092 DEBUG [main] wire:73 -  << "Content-Encoding: gzip[\r][\n]"
2023-05-15 11:25:39,092 DEBUG [main] wire:73 -  << "host-header: c2hhcmVkLmJsdWVob3N0LmNvbQ==[\r][\n]"
2023-05-15 11:25:39,093 DEBUG [main] wire:73 -  << "X-Endurance-Cache-Level: 2[\r][\n]"
2023-05-15 11:25:39,093 DEBUG [main] wire:73 -  << "X-nginx-cache: WordPress[\r][\n]"
2023-05-15 11:25:39,094 DEBUG [main] wire:73 -  << "Content-Length: 100[\r][\n]"
2023-05-15 11:25:39,094 DEBUG [main] wire:73 -  << "Content-Type: application/json[\r][\n]"
2023-05-15 11:25:39,094 DEBUG [main] wire:73 -  << "[\r][\n]"
2023-05-15 11:25:39,094 DEBUG [main] DefaultClientConnection:259 - Receiving response: HTTP/1.1 200 OK
2023-05-15 11:25:39,094 DEBUG [main] headers:262 - << HTTP/1.1 200 OK
2023-05-15 11:25:39,094 DEBUG [main] headers:265 - << Date: Mon, 15 May 2023 05:55:42 GMT
2023-05-15 11:25:39,094 DEBUG [main] headers:265 - << Server: Apache
2023-05-15 11:25:39,094 DEBUG [main] headers:265 - << Cache-Control: no-cache, private
2023-05-15 11:25:39,094 DEBUG [main] headers:265 - << X-RateLimit-Limit: 60
2023-05-15 11:25:39,094 DEBUG [main] headers:265 - << X-RateLimit-Remaining: 58
2023-05-15 11:25:39,094 DEBUG [main] headers:265 - << Upgrade: h2,h2c
2023-05-15 11:25:39,094 DEBUG [main] headers:265 - << Connection: Upgrade
2023-05-15 11:25:39,094 DEBUG [main] headers:265 - << Cache-Control: max-age=21600
2023-05-15 11:25:39,094 DEBUG [main] headers:265 - << Expires: Mon, 15 May 2023 11:55:42 GMT
2023-05-15 11:25:39,094 DEBUG [main] headers:265 - << Vary: Accept-Encoding
2023-05-15 11:25:39,102 DEBUG [main] headers:265 - << Content-Encoding: gzip
2023-05-15 11:25:39,102 DEBUG [main] headers:265 - << host-header: c2hhcmVkLmJsdWVob3N0LmNvbQ==
2023-05-15 11:25:39,102 DEBUG [main] headers:265 - << X-Endurance-Cache-Level: 2
2023-05-15 11:25:39,102 DEBUG [main] headers:265 - << X-nginx-cache: WordPress
2023-05-15 11:25:39,102 DEBUG [main] headers:265 - << Content-Length: 100
2023-05-15 11:25:39,102 DEBUG [main] headers:265 - << Content-Type: application/json
2023-05-15 11:25:39,119 DEBUG [main] DefaultHttpClient:504 - Connection can be kept alive indefinitely
2023-05-15 11:25:39,132 DEBUG [main] RestAssuredHttpBuilder:553 - Parsing response as: application/json
2023-05-15 11:25:39,132 DEBUG [main] wire:73 -  << "[0x1f][0x8b][0x8][0x0][0x0][0x0][0x0][0x0][0x0][0x3]%[0xca]M[\n]"
2023-05-15 11:25:39,132 DEBUG [main] wire:73 -  << "[0x80] [0x10][0x6][0xd0][0xab][0xd8][0xb7][0x96][0x88][0xa0][0x16][0x1e][0xa3]N09[0xd3][0xf]XA[0xa3][0x8b][0x10][0xef][0x9e][0xd0][0xfa][0xbd][0xc][0x8d][0x14][0x93][0xc2]A[0x93][0xf7][0xa2][\n]"
2023-05-15 11:25:39,132 DEBUG [main] wire:73 -  << "[0xb][0xa6]Hp[0x19][0x7][0xc3][\r]]?[0x16][0x8b][0xb3][\n]"
2023-05-15 11:25:39,132 DEBUG [main] wire:87 -  << "mR[0xdb][0xfc][0xb7]5[0x85][0xf0]6f[0x12]?lvR[0xb3][0x88]\[0x86][0x98][0x85][[0x94][0xf][0x8a][0x9e][0xf2]RX[0x0][0x0][0x0]"
2023-05-15 11:25:39,132 DEBUG [main] RestAssuredHttpBuilder:556 - Parsed data to instance of: class org.apache.http.conn.EofSensorInputStream
2023-05-15 11:25:39,205 DEBUG [main] BasicClientConnectionManager:200 - Releasing connection org.apache.http.impl.conn.ManagedClientConnectionImpl@771afdd5
2023-05-15 11:25:39,205 DEBUG [main] BasicClientConnectionManager:225 - Connection can be kept alive indefinitely
2023-05-15 11:25:40,116  INFO [main] WebApi:164 - Successfully! Record has been added.
2023-05-15 11:25:40,117  INFO [main] WebApi:166 - The post method has been executed successfully with the ID ::5026
2023-05-15 11:25:40,117  INFO [main] WebApi:169 - The get method has been executed successfully and the details are ::
2023-05-15 11:25:40,118  INFO [main] WebApi:170 - The name of employee   :: 
2023-05-15 11:25:40,118  INFO [main] WebApi:171 - The age of employee    :: 23
2023-05-15 11:25:40,119  INFO [main] WebApi:172 - The salary of employee :: 500000
2023-05-15 11:25:41,141 DEBUG [main] cache:45 - Couldn't find template in cache for "spark/spark.spa.ftl"("en_US", UTF-8, parsed); will try to load it.
2023-05-15 11:25:41,144 DEBUG [main] cache:45 - TemplateLoader.findTemplateSource("spark/spark.spa_en_US.ftl"): Not found
2023-05-15 11:25:41,147 DEBUG [main] cache:45 - TemplateLoader.findTemplateSource("spark/spark.spa_en.ftl"): Not found
2023-05-15 11:25:41,148 DEBUG [main] cache:45 - TemplateLoader.findTemplateSource("spark/spark.spa.ftl"): Found
2023-05-15 11:25:41,149 DEBUG [main] cache:45 - Loading template for "spark/spark.spa.ftl"("en_US", UTF-8, parsed) from "jar:file:/C:/Users/as61837/.m2/repository/com/aventstack/extentreports/5.0.9/extentreports-5.0.9.jar!/com/aventstack/extentreports/templates/spark/spark.spa.ftl"
2023-05-15 11:25:41,264 DEBUG [main] cache:45 - Couldn't find template in cache for "commons/commons-variables.ftl"("en_US", UTF-8, parsed); will try to load it.
2023-05-15 11:25:41,264 DEBUG [main] cache:45 - TemplateLoader.findTemplateSource("commons/commons-variables_en_US.ftl"): Not found
2023-05-15 11:25:41,265 DEBUG [main] cache:45 - TemplateLoader.findTemplateSource("commons/commons-variables_en.ftl"): Not found
2023-05-15 11:25:41,265 DEBUG [main] cache:45 - TemplateLoader.findTemplateSource("commons/commons-variables.ftl"): Found
2023-05-15 11:25:41,265 DEBUG [main] cache:45 - Loading template for "commons/commons-variables.ftl"("en_US", UTF-8, parsed) from "jar:file:/C:/Users/as61837/.m2/repository/tech/grasshopper/htmlextentreporter/1.0.1/htmlextentreporter-1.0.1.jar!/com/aventstack/extentreports/templates/commons/commons-variables.ftl"
2023-05-15 11:25:41,448 DEBUG [main] cache:45 - Couldn't find template in cache for "commons/commons-macros.ftl"("en_US", UTF-8, parsed); will try to load it.
2023-05-15 11:25:41,449 DEBUG [main] cache:45 - TemplateLoader.findTemplateSource("commons/commons-macros_en_US.ftl"): Not found
2023-05-15 11:25:41,450 DEBUG [main] cache:45 - TemplateLoader.findTemplateSource("commons/commons-macros_en.ftl"): Not found
2023-05-15 11:25:41,451 DEBUG [main] cache:45 - TemplateLoader.findTemplateSource("commons/commons-macros.ftl"): Found
2023-05-15 11:25:41,452 DEBUG [main] cache:45 - Loading template for "commons/commons-macros.ftl"("en_US", UTF-8, parsed) from "jar:file:/C:/Users/as61837/.m2/repository/com/aventstack/extentreports/5.0.9/extentreports-5.0.9.jar!/com/aventstack/extentreports/templates/commons/commons-macros.ftl"
2023-05-15 11:25:41,463 DEBUG [main] cache:45 - Couldn't find template in cache for "spark/macros/attributes.ftl"("en_US", UTF-8, parsed); will try to load it.
2023-05-15 11:25:41,468 DEBUG [main] cache:45 - TemplateLoader.findTemplateSource("spark/macros/attributes_en_US.ftl"): Not found
2023-05-15 11:25:41,469 DEBUG [main] cache:45 - TemplateLoader.findTemplateSource("spark/macros/attributes_en.ftl"): Not found
2023-05-15 11:25:41,470 DEBUG [main] cache:45 - TemplateLoader.findTemplateSource("spark/macros/attributes.ftl"): Found
2023-05-15 11:25:41,470 DEBUG [main] cache:45 - Loading template for "spark/macros/attributes.ftl"("en_US", UTF-8, parsed) from "jar:file:/C:/Users/as61837/.m2/repository/com/aventstack/extentreports/5.0.9/extentreports-5.0.9.jar!/com/aventstack/extentreports/templates/spark/macros/attributes.ftl"
2023-05-15 11:25:41,473 DEBUG [main] cache:45 - Couldn't find template in cache for "spark/macros/log.ftl"("en_US", UTF-8, parsed); will try to load it.
2023-05-15 11:25:41,475 DEBUG [main] cache:45 - TemplateLoader.findTemplateSource("spark/macros/log_en_US.ftl"): Not found
2023-05-15 11:25:41,475 DEBUG [main] cache:45 - TemplateLoader.findTemplateSource("spark/macros/log_en.ftl"): Not found
2023-05-15 11:25:41,477 DEBUG [main] cache:45 - TemplateLoader.findTemplateSource("spark/macros/log.ftl"): Found
2023-05-15 11:25:41,477 DEBUG [main] cache:45 - Loading template for "spark/macros/log.ftl"("en_US", UTF-8, parsed) from "jar:file:/C:/Users/as61837/.m2/repository/com/aventstack/extentreports/5.0.9/extentreports-5.0.9.jar!/com/aventstack/extentreports/templates/spark/macros/log.ftl"
2023-05-15 11:25:41,481 DEBUG [main] cache:45 - Couldn't find template in cache for "spark/macros/recurse_nodes.ftl"("en_US", UTF-8, parsed); will try to load it.
2023-05-15 11:25:41,482 DEBUG [main] cache:45 - TemplateLoader.findTemplateSource("spark/macros/recurse_nodes_en_US.ftl"): Not found
2023-05-15 11:25:41,483 DEBUG [main] cache:45 - TemplateLoader.findTemplateSource("spark/macros/recurse_nodes_en.ftl"): Not found
2023-05-15 11:25:41,484 DEBUG [main] cache:45 - TemplateLoader.findTemplateSource("spark/macros/recurse_nodes.ftl"): Found
2023-05-15 11:25:41,485 DEBUG [main] cache:45 - Loading template for "spark/macros/recurse_nodes.ftl"("en_US", UTF-8, parsed) from "jar:file:/C:/Users/as61837/.m2/repository/com/aventstack/extentreports/5.0.9/extentreports-5.0.9.jar!/com/aventstack/extentreports/templates/spark/macros/recurse_nodes.ftl"
2023-05-15 11:25:41,490 DEBUG [main] cache:45 - "spark/macros/log.ftl"("en_US", UTF-8, parsed) cached copy not yet stale; using cached.
2023-05-15 11:25:41,490 DEBUG [main] cache:45 - Couldn't find template in cache for "spark/macros/attr-common.ftl"("en_US", UTF-8, parsed); will try to load it.
2023-05-15 11:25:41,491 DEBUG [main] cache:45 - TemplateLoader.findTemplateSource("spark/macros/attr-common_en_US.ftl"): Not found
2023-05-15 11:25:41,492 DEBUG [main] cache:45 - TemplateLoader.findTemplateSource("spark/macros/attr-common_en.ftl"): Not found
2023-05-15 11:25:41,492 DEBUG [main] cache:45 - TemplateLoader.findTemplateSource("spark/macros/attr-common.ftl"): Found
2023-05-15 11:25:41,493 DEBUG [main] cache:45 - Loading template for "spark/macros/attr-common.ftl"("en_US", UTF-8, parsed) from "jar:file:/C:/Users/as61837/.m2/repository/com/aventstack/extentreports/5.0.9/extentreports-5.0.9.jar!/com/aventstack/extentreports/templates/spark/macros/attr-common.ftl"
2023-05-15 11:25:41,503 DEBUG [main] cache:45 - Couldn't find template in cache for "spark/partials/head.ftl"("en_US", UTF-8, parsed); will try to load it.
2023-05-15 11:25:41,505 DEBUG [main] cache:45 - TemplateLoader.findTemplateSource("spark/partials/head_en_US.ftl"): Not found
2023-05-15 11:25:41,506 DEBUG [main] cache:45 - TemplateLoader.findTemplateSource("spark/partials/head_en.ftl"): Not found
2023-05-15 11:25:41,508 DEBUG [main] cache:45 - TemplateLoader.findTemplateSource("spark/partials/head.ftl"): Found
2023-05-15 11:25:41,509 DEBUG [main] cache:45 - Loading template for "spark/partials/head.ftl"("en_US", UTF-8, parsed) from "jar:file:/C:/Users/as61837/.m2/repository/com/aventstack/extentreports/5.0.9/extentreports-5.0.9.jar!/com/aventstack/extentreports/templates/spark/partials/head.ftl"
2023-05-15 11:25:41,518 DEBUG [main] cache:45 - Couldn't find template in cache for "commons/commons-inject-css.ftl"("en_US", UTF-8, parsed); will try to load it.
2023-05-15 11:25:41,521 DEBUG [main] cache:45 - TemplateLoader.findTemplateSource("commons/commons-inject-css_en_US.ftl"): Not found
2023-05-15 11:25:41,523 DEBUG [main] cache:45 - TemplateLoader.findTemplateSource("commons/commons-inject-css_en.ftl"): Not found
2023-05-15 11:25:41,524 DEBUG [main] cache:45 - TemplateLoader.findTemplateSource("commons/commons-inject-css.ftl"): Found
2023-05-15 11:25:41,524 DEBUG [main] cache:45 - Loading template for "commons/commons-inject-css.ftl"("en_US", UTF-8, parsed) from "jar:file:/C:/Users/as61837/.m2/repository/com/aventstack/extentreports/5.0.9/extentreports-5.0.9.jar!/com/aventstack/extentreports/templates/commons/commons-inject-css.ftl"
2023-05-15 11:25:41,525 DEBUG [main] cache:45 - Couldn't find template in cache for "spark/partials/navbar.ftl"("en_US", UTF-8, parsed); will try to load it.
2023-05-15 11:25:41,525 DEBUG [main] cache:45 - TemplateLoader.findTemplateSource("spark/partials/navbar_en_US.ftl"): Not found
2023-05-15 11:25:41,527 DEBUG [main] cache:45 - TemplateLoader.findTemplateSource("spark/partials/navbar_en.ftl"): Not found
2023-05-15 11:25:41,528 DEBUG [main] cache:45 - TemplateLoader.findTemplateSource("spark/partials/navbar.ftl"): Found
2023-05-15 11:25:41,529 DEBUG [main] cache:45 - Loading template for "spark/partials/navbar.ftl"("en_US", UTF-8, parsed) from "jar:file:/C:/Users/as61837/.m2/repository/com/aventstack/extentreports/5.0.9/extentreports-5.0.9.jar!/com/aventstack/extentreports/templates/spark/partials/navbar.ftl"
2023-05-15 11:25:41,539 DEBUG [main] cache:45 - Couldn't find template in cache for "spark/partials/sidenav.ftl"("en_US", UTF-8, parsed); will try to load it.
2023-05-15 11:25:41,540 DEBUG [main] cache:45 - TemplateLoader.findTemplateSource("spark/partials/sidenav_en_US.ftl"): Not found
2023-05-15 11:25:41,541 DEBUG [main] cache:45 - TemplateLoader.findTemplateSource("spark/partials/sidenav_en.ftl"): Not found
2023-05-15 11:25:41,542 DEBUG [main] cache:45 - TemplateLoader.findTemplateSource("spark/partials/sidenav.ftl"): Found
2023-05-15 11:25:41,542 DEBUG [main] cache:45 - Loading template for "spark/partials/sidenav.ftl"("en_US", UTF-8, parsed) from "jar:file:/C:/Users/as61837/.m2/repository/com/aventstack/extentreports/5.0.9/extentreports-5.0.9.jar!/com/aventstack/extentreports/templates/spark/partials/sidenav.ftl"
2023-05-15 11:25:41,563 DEBUG [main] cache:45 - Couldn't find template in cache for "spark/partials/dashboard.ftl"("en_US", UTF-8, parsed); will try to load it.
2023-05-15 11:25:41,564 DEBUG [main] cache:45 - TemplateLoader.findTemplateSource("spark/partials/dashboard_en_US.ftl"): Not found
2023-05-15 11:25:41,565 DEBUG [main] cache:45 - TemplateLoader.findTemplateSource("spark/partials/dashboard_en.ftl"): Not found
2023-05-15 11:25:41,565 DEBUG [main] cache:45 - TemplateLoader.findTemplateSource("spark/partials/dashboard.ftl"): Found
2023-05-15 11:25:41,565 DEBUG [main] cache:45 - Loading template for "spark/partials/dashboard.ftl"("en_US", UTF-8, parsed) from "jar:file:/C:/Users/as61837/.m2/repository/com/aventstack/extentreports/5.0.9/extentreports-5.0.9.jar!/com/aventstack/extentreports/templates/spark/partials/dashboard.ftl"
2023-05-15 11:25:41,620 DEBUG [main] cache:45 - Couldn't find template in cache for "spark/partials/test.ftl"("en_US", UTF-8, parsed); will try to load it.
2023-05-15 11:25:41,620 DEBUG [main] cache:45 - TemplateLoader.findTemplateSource("spark/partials/test_en_US.ftl"): Not found
2023-05-15 11:25:41,623 DEBUG [main] cache:45 - TemplateLoader.findTemplateSource("spark/partials/test_en.ftl"): Not found
2023-05-15 11:25:41,625 DEBUG [main] cache:45 - TemplateLoader.findTemplateSource("spark/partials/test.ftl"): Found
2023-05-15 11:25:41,625 DEBUG [main] cache:45 - Loading template for "spark/partials/test.ftl"("en_US", UTF-8, parsed) from "jar:file:/C:/Users/as61837/.m2/repository/com/aventstack/extentreports/5.0.9/extentreports-5.0.9.jar!/com/aventstack/extentreports/templates/spark/partials/test.ftl"
2023-05-15 11:25:41,635 DEBUG [main] cache:45 - Couldn't find template in cache for "spark/partials/bdd-content.ftl"("en_US", UTF-8, parsed); will try to load it.
2023-05-15 11:25:41,636 DEBUG [main] cache:45 - TemplateLoader.findTemplateSource("spark/partials/bdd-content_en_US.ftl"): Not found
2023-05-15 11:25:41,637 DEBUG [main] cache:45 - TemplateLoader.findTemplateSource("spark/partials/bdd-content_en.ftl"): Not found
2023-05-15 11:25:41,638 DEBUG [main] cache:45 - TemplateLoader.findTemplateSource("spark/partials/bdd-content.ftl"): Found
2023-05-15 11:25:41,638 DEBUG [main] cache:45 - Loading template for "spark/partials/bdd-content.ftl"("en_US", UTF-8, parsed) from "jar:file:/C:/Users/as61837/.m2/repository/com/aventstack/extentreports/5.0.9/extentreports-5.0.9.jar!/com/aventstack/extentreports/templates/spark/partials/bdd-content.ftl"
2023-05-15 11:25:41,655 DEBUG [main] cache:45 - Couldn't find template in cache for "spark/partials/exception.ftl"("en_US", UTF-8, parsed); will try to load it.
2023-05-15 11:25:41,657 DEBUG [main] cache:45 - TemplateLoader.findTemplateSource("spark/partials/exception_en_US.ftl"): Not found
2023-05-15 11:25:41,658 DEBUG [main] cache:45 - TemplateLoader.findTemplateSource("spark/partials/exception_en.ftl"): Not found
2023-05-15 11:25:41,659 DEBUG [main] cache:45 - TemplateLoader.findTemplateSource("spark/partials/exception.ftl"): Found
2023-05-15 11:25:41,659 DEBUG [main] cache:45 - Loading template for "spark/partials/exception.ftl"("en_US", UTF-8, parsed) from "jar:file:/C:/Users/as61837/.m2/repository/com/aventstack/extentreports/5.0.9/extentreports-5.0.9.jar!/com/aventstack/extentreports/templates/spark/partials/exception.ftl"
2023-05-15 11:25:41,662 DEBUG [main] cache:45 - Couldn't find template in cache for "spark/partials/author.ftl"("en_US", UTF-8, parsed); will try to load it.
2023-05-15 11:25:41,663 DEBUG [main] cache:45 - TemplateLoader.findTemplateSource("spark/partials/author_en_US.ftl"): Not found
2023-05-15 11:25:41,664 DEBUG [main] cache:45 - TemplateLoader.findTemplateSource("spark/partials/author_en.ftl"): Not found
2023-05-15 11:25:41,666 DEBUG [main] cache:45 - TemplateLoader.findTemplateSource("spark/partials/author.ftl"): Found
2023-05-15 11:25:41,666 DEBUG [main] cache:45 - Loading template for "spark/partials/author.ftl"("en_US", UTF-8, parsed) from "jar:file:/C:/Users/as61837/.m2/repository/com/aventstack/extentreports/5.0.9/extentreports-5.0.9.jar!/com/aventstack/extentreports/templates/spark/partials/author.ftl"
2023-05-15 11:25:41,668 DEBUG [main] cache:45 - Couldn't find template in cache for "spark/partials/device.ftl"("en_US", UTF-8, parsed); will try to load it.
2023-05-15 11:25:41,669 DEBUG [main] cache:45 - TemplateLoader.findTemplateSource("spark/partials/device_en_US.ftl"): Not found
2023-05-15 11:25:41,670 DEBUG [main] cache:45 - TemplateLoader.findTemplateSource("spark/partials/device_en.ftl"): Not found
2023-05-15 11:25:41,671 DEBUG [main] cache:45 - TemplateLoader.findTemplateSource("spark/partials/device.ftl"): Found
2023-05-15 11:25:41,671 DEBUG [main] cache:45 - Loading template for "spark/partials/device.ftl"("en_US", UTF-8, parsed) from "jar:file:/C:/Users/as61837/.m2/repository/com/aventstack/extentreports/5.0.9/extentreports-5.0.9.jar!/com/aventstack/extentreports/templates/spark/partials/device.ftl"
2023-05-15 11:25:41,674 DEBUG [main] cache:45 - Couldn't find template in cache for "spark/partials/log.ftl"("en_US", UTF-8, parsed); will try to load it.
2023-05-15 11:25:41,675 DEBUG [main] cache:45 - TemplateLoader.findTemplateSource("spark/partials/log_en_US.ftl"): Not found
2023-05-15 11:25:41,677 DEBUG [main] cache:45 - TemplateLoader.findTemplateSource("spark/partials/log_en.ftl"): Not found
2023-05-15 11:25:41,677 DEBUG [main] cache:45 - TemplateLoader.findTemplateSource("spark/partials/log.ftl"): Found
2023-05-15 11:25:41,678 DEBUG [main] cache:45 - Loading template for "spark/partials/log.ftl"("en_US", UTF-8, parsed) from "jar:file:/C:/Users/as61837/.m2/repository/com/aventstack/extentreports/5.0.9/extentreports-5.0.9.jar!/com/aventstack/extentreports/templates/spark/partials/log.ftl"
2023-05-15 11:25:41,679 DEBUG [main] cache:45 - Couldn't find template in cache for "spark/partials/scripts.ftl"("en_US", UTF-8, parsed); will try to load it.
2023-05-15 11:25:41,680 DEBUG [main] cache:45 - TemplateLoader.findTemplateSource("spark/partials/scripts_en_US.ftl"): Not found
2023-05-15 11:25:41,681 DEBUG [main] cache:45 - TemplateLoader.findTemplateSource("spark/partials/scripts_en.ftl"): Not found
2023-05-15 11:25:41,682 DEBUG [main] cache:45 - TemplateLoader.findTemplateSource("spark/partials/scripts.ftl"): Found
2023-05-15 11:25:41,682 DEBUG [main] cache:45 - Loading template for "spark/partials/scripts.ftl"("en_US", UTF-8, parsed) from "jar:file:/C:/Users/as61837/.m2/repository/com/aventstack/extentreports/5.0.9/extentreports-5.0.9.jar!/com/aventstack/extentreports/templates/spark/partials/scripts.ftl"
2023-05-15 11:25:41,685 DEBUG [main] cache:45 - Couldn't find template in cache for "commons/commons-inject-js.ftl"("en_US", UTF-8, parsed); will try to load it.
2023-05-15 11:25:41,686 DEBUG [main] cache:45 - TemplateLoader.findTemplateSource("commons/commons-inject-js_en_US.ftl"): Not found
2023-05-15 11:25:41,686 DEBUG [main] cache:45 - TemplateLoader.findTemplateSource("commons/commons-inject-js_en.ftl"): Not found
2023-05-15 11:25:41,687 DEBUG [main] cache:45 - TemplateLoader.findTemplateSource("commons/commons-inject-js.ftl"): Found
2023-05-15 11:25:41,687 DEBUG [main] cache:45 - Loading template for "commons/commons-inject-js.ftl"("en_US", UTF-8, parsed) from "jar:file:/C:/Users/as61837/.m2/repository/com/aventstack/extentreports/5.0.9/extentreports-5.0.9.jar!/com/aventstack/extentreports/templates/commons/commons-inject-js.ftl"
2023-05-15 11:25:42,043 DEBUG [main] GlyphSubstitutionTable:263 - Type 4 GSUB lookup table is not supported and will be ignored
2023-05-15 11:25:42,043 DEBUG [main] GlyphSubstitutionTable:263 - Type 4 GSUB lookup table is not supported and will be ignored
2023-05-15 11:25:42,044 DEBUG [main] GlyphSubstitutionTable:263 - Type 6 GSUB lookup table is not supported and will be ignored
2023-05-15 11:25:42,044 DEBUG [main] GlyphSubstitutionTable:263 - Type 4 GSUB lookup table is not supported and will be ignored
2023-05-15 11:25:42,044 DEBUG [main] GlyphSubstitutionTable:263 - Type 4 GSUB lookup table is not supported and will be ignored
2023-05-15 11:25:42,082 DEBUG [main] GlyphSubstitutionTable:263 - Type 4 GSUB lookup table is not supported and will be ignored
2023-05-15 11:25:42,082 DEBUG [main] GlyphSubstitutionTable:263 - Type 4 GSUB lookup table is not supported and will be ignored
2023-05-15 11:25:42,082 DEBUG [main] GlyphSubstitutionTable:263 - Type 6 GSUB lookup table is not supported and will be ignored
2023-05-15 11:25:42,082 DEBUG [main] GlyphSubstitutionTable:263 - Type 4 GSUB lookup table is not supported and will be ignored
2023-05-15 11:25:42,082 DEBUG [main] GlyphSubstitutionTable:263 - Type 4 GSUB lookup table is not supported and will be ignored
2023-05-15 11:25:42,096 DEBUG [main] GlyphSubstitutionTable:263 - Type 4 GSUB lookup table is not supported and will be ignored
2023-05-15 11:25:42,096 DEBUG [main] GlyphSubstitutionTable:263 - Type 4 GSUB lookup table is not supported and will be ignored
2023-05-15 11:25:42,096 DEBUG [main] GlyphSubstitutionTable:263 - Type 6 GSUB lookup table is not supported and will be ignored
2023-05-15 11:25:42,096 DEBUG [main] GlyphSubstitutionTable:263 - Type 4 GSUB lookup table is not supported and will be ignored
2023-05-15 11:25:42,097 DEBUG [main] GlyphSubstitutionTable:263 - Type 4 GSUB lookup table is not supported and will be ignored
2023-05-15 11:25:42,109 DEBUG [main] GlyphSubstitutionTable:263 - Type 4 GSUB lookup table is not supported and will be ignored
2023-05-15 11:25:42,110 DEBUG [main] GlyphSubstitutionTable:263 - Type 4 GSUB lookup table is not supported and will be ignored
2023-05-15 11:25:42,110 DEBUG [main] GlyphSubstitutionTable:263 - Type 6 GSUB lookup table is not supported and will be ignored
2023-05-15 11:25:42,110 DEBUG [main] GlyphSubstitutionTable:263 - Type 4 GSUB lookup table is not supported and will be ignored
2023-05-15 11:25:42,110 DEBUG [main] GlyphSubstitutionTable:263 - Type 4 GSUB lookup table is not supported and will be ignored
2023-05-15 11:25:42,319 DEBUG [main] GlyphSubstitutionTable:263 - Type 4 GSUB lookup table is not supported and will be ignored
2023-05-15 11:25:42,319 DEBUG [main] GlyphSubstitutionTable:263 - Type 4 GSUB lookup table is not supported and will be ignored
2023-05-15 11:25:42,320 DEBUG [main] GlyphSubstitutionTable:263 - Type 6 GSUB lookup table is not supported and will be ignored
2023-05-15 11:25:42,320 DEBUG [main] GlyphSubstitutionTable:263 - Type 4 GSUB lookup table is not supported and will be ignored
2023-05-15 11:25:42,320 DEBUG [main] GlyphSubstitutionTable:263 - Type 4 GSUB lookup table is not supported and will be ignored
2023-05-15 11:25:42,639 DEBUG [main] FontFileFinder:136 - checkFontfile check C:\WINDOWS\FONTS\8514fix.fon
2023-05-15 11:25:42,640 DEBUG [main] FontFileFinder:136 - checkFontfile check C:\WINDOWS\FONTS\8514fixe.fon
2023-05-15 11:25:42,640 DEBUG [main] FontFileFinder:136 - checkFontfile check C:\WINDOWS\FONTS\8514fixg.fon
2023-05-15 11:25:42,640 DEBUG [main] FontFileFinder:136 - checkFontfile check C:\WINDOWS\FONTS\8514fixr.fon
2023-05-15 11:25:42,640 DEBUG [main] FontFileFinder:136 - checkFontfile check C:\WINDOWS\FONTS\8514fixt.fon
2023-05-15 11:25:42,640 DEBUG [main] FontFileFinder:136 - checkFontfile check C:\WINDOWS\FONTS\8514oem.fon
2023-05-15 11:25:42,641 DEBUG [main] FontFileFinder:136 - checkFontfile check C:\WINDOWS\FONTS\8514oeme.fon
2023-05-15 11:25:42,641 DEBUG [main] FontFileFinder:136 - checkFontfile check C:\WINDOWS\FONTS\8514oemg.fon
2023-05-15 11:25:42,641 DEBUG [main] FontFileFinder:136 - checkFontfile check C:\WINDOWS\FONTS\8514oemr.fon
2023-05-15 11:25:42,641 DEBUG [main] FontFileFinder:136 - checkFontfile check C:\WINDOWS\FONTS\8514oemt.fon
2023-05-15 11:25:42,641 DEBUG [main] FontFileFinder:136 - checkFontfile check C:\WINDOWS\FONTS\8514sys.fon
2023-05-15 11:25:42,641 DEBUG [main] FontFileFinder:136 - checkFontfile check C:\WINDOWS\FONTS\8514syse.fon
2023-05-15 11:25:42,641 DEBUG [main] FontFileFinder:136 - checkFontfile check C:\WINDOWS\FONTS\8514sysg.fon
2023-05-15 11:25:42,641 DEBUG [main] FontFileFinder:136 - checkFontfile check C:\WINDOWS\FONTS\8514sysr.fon
2023-05-15 11:25:42,641 DEBUG [main] FontFileFinder:136 - checkFontfile check C:\WINDOWS\FONTS\8514syst.fon
2023-05-15 11:25:42,641 DEBUG [main] FontFileFinder:136 - checkFontfile check C:\WINDOWS\FONTS\85775.fon
2023-05-15 11:25:42,641 DEBUG [main] FontFileFinder:136 - checkFontfile check C:\WINDOWS\FONTS\85855.fon
2023-05-15 11:25:42,641 DEBUG [main] FontFileFinder:136 - checkFontfile check C:\WINDOWS\FONTS\85f1255.fon
2023-05-15 11:25:42,641 DEBUG [main] FontFileFinder:136 - checkFontfile check C:\WINDOWS\FONTS\85f1256.fon
2023-05-15 11:25:42,641 DEBUG [main] FontFileFinder:136 - checkFontfile check C:\WINDOWS\FONTS\85f1257.fon
2023-05-15 11:25:42,641 DEBUG [main] FontFileFinder:136 - checkFontfile check C:\WINDOWS\FONTS\85f874.fon
2023-05-15 11:25:42,641 DEBUG [main] FontFileFinder:136 - checkFontfile check C:\WINDOWS\FONTS\85s1255.fon
2023-05-15 11:25:42,671 DEBUG [main] FontFileFinder:136 - checkFontfile check C:\WINDOWS\FONTS\85s1256.fon
2023-05-15 11:25:42,672 DEBUG [main] FontFileFinder:136 - checkFontfile check C:\WINDOWS\FONTS\85s1257.fon
2023-05-15 11:25:42,672 DEBUG [main] FontFileFinder:136 - checkFontfile check C:\WINDOWS\FONTS\85s874.fon
2023-05-15 11:25:42,673 DEBUG [main] FontFileFinder:136 - checkFontfile check C:\WINDOWS\FONTS\app775.fon
2023-05-15 11:25:42,673 DEBUG [Finalizer] DefaultClientConnection:180 - Connection 0.0.0.0:62293<->69.195.75.235:443 closed
2023-05-15 11:25:42,674 DEBUG [main] FontFileFinder:136 - checkFontfile check C:\WINDOWS\FONTS\app850.fon
2023-05-15 11:25:42,675 DEBUG [main] FontFileFinder:136 - checkFontfile check C:\WINDOWS\FONTS\app852.fon
2023-05-15 11:25:42,675 DEBUG [main] FontFileFinder:136 - checkFontfile check C:\WINDOWS\FONTS\app855.fon
2023-05-15 11:25:42,676 DEBUG [main] FontFileFinder:136 - checkFontfile check C:\WINDOWS\FONTS\app857.fon
2023-05-15 11:25:42,676 DEBUG [main] FontFileFinder:136 - checkFontfile check C:\WINDOWS\FONTS\app866.fon
2023-05-15 11:25:42,676 DEBUG [main] FontFileFinder:136 - checkFontfile check C:\WINDOWS\FONTS\app932.fon
2023-05-15 11:25:42,676 DEBUG [main] FontFileFinder:136 - checkFontfile check C:\WINDOWS\FONTS\app936.fon
2023-05-15 11:25:42,676 DEBUG [main] FontFileFinder:136 - checkFontfile check C:\WINDOWS\FONTS\app949.fon
2023-05-15 11:25:42,677 DEBUG [main] FontFileFinder:136 - checkFontfile check C:\WINDOWS\FONTS\app950.fon
2023-05-15 11:25:42,678 DEBUG [main] FontFileFinder:136 - checkFontfile check C:\WINDOWS\FONTS\arial.ttf
2023-05-15 11:25:42,678 DEBUG [main] FontFileFinder:142 - checkFontfile found C:\WINDOWS\FONTS\arial.ttf
2023-05-15 11:25:42,678 DEBUG [main] FontFileFinder:136 - checkFontfile check C:\WINDOWS\FONTS\arialbd.ttf
2023-05-15 11:25:42,678 DEBUG [main] FontFileFinder:142 - checkFontfile found C:\WINDOWS\FONTS\arialbd.ttf
2023-05-15 11:25:42,679 DEBUG [main] FontFileFinder:136 - checkFontfile check C:\WINDOWS\FONTS\arialbi.ttf
2023-05-15 11:25:42,679 DEBUG [main] FontFileFinder:142 - checkFontfile found C:\WINDOWS\FONTS\arialbi.ttf
2023-05-15 11:25:42,679 DEBUG [main] FontFileFinder:136 - checkFontfile check C:\WINDOWS\FONTS\ariali.ttf
2023-05-15 11:25:42,679 DEBUG [main] FontFileFinder:142 - checkFontfile found C:\WINDOWS\FONTS\ariali.ttf
2023-05-15 11:25:42,679 DEBUG [main] FontFileFinder:136 - checkFontfile check C:\WINDOWS\FONTS\ariblk.ttf
2023-05-15 11:25:42,679 DEBUG [main] FontFileFinder:142 - checkFontfile found C:\WINDOWS\FONTS\ariblk.ttf
2023-05-15 11:25:42,679 DEBUG [main] FontFileFinder:136 - checkFontfile check C:\WINDOWS\FONTS\Arimo-Bold.ttf
2023-05-15 11:25:42,679 DEBUG [main] FontFileFinder:142 - checkFontfile found C:\WINDOWS\FONTS\Arimo-Bold.ttf
2023-05-15 11:25:42,680 DEBUG [main] FontFileFinder:136 - checkFontfile check C:\WINDOWS\FONTS\Arimo-BoldItalic.ttf
2023-05-15 11:25:42,680 DEBUG [main] FontFileFinder:142 - checkFontfile found C:\WINDOWS\FONTS\Arimo-BoldItalic.ttf
2023-05-15 11:25:42,680 DEBUG [main] FontFileFinder:136 - checkFontfile check C:\WINDOWS\FONTS\Arimo-Italic.ttf
2023-05-15 11:25:42,680 DEBUG [main] FontFileFinder:142 - checkFontfile found C:\WINDOWS\FONTS\Arimo-Italic.ttf
2023-05-15 11:25:42,680 DEBUG [main] FontFileFinder:136 - checkFontfile check C:\WINDOWS\FONTS\Arimo-Regular.ttf
2023-05-15 11:25:42,680 DEBUG [main] FontFileFinder:142 - checkFontfile found C:\WINDOWS\FONTS\Arimo-Regular.ttf
2023-05-15 11:25:42,680 DEBUG [main] FontFileFinder:136 - checkFontfile check C:\WINDOWS\FONTS\bahnschrift.ttf
2023-05-15 11:25:42,681 DEBUG [main] FontFileFinder:142 - checkFontfile found C:\WINDOWS\FONTS\bahnschrift.ttf
2023-05-15 11:25:42,682 DEBUG [main] FontFileFinder:136 - checkFontfile check C:\WINDOWS\FONTS\c8514fix.fon
2023-05-15 11:25:42,682 DEBUG [main] FontFileFinder:136 - checkFontfile check C:\WINDOWS\FONTS\c8514oem.fon
2023-05-15 11:25:42,682 DEBUG [main] FontFileFinder:136 - checkFontfile check C:\WINDOWS\FONTS\c8514sys.fon
2023-05-15 11:25:42,683 DEBUG [main] FontFileFinder:136 - checkFontfile check C:\WINDOWS\FONTS\calibri.ttf
2023-05-15 11:25:42,683 DEBUG [main] FontFileFinder:142 - checkFontfile found C:\WINDOWS\FONTS\calibri.ttf
2023-05-15 11:25:42,683 DEBUG [main] FontFileFinder:136 - checkFontfile check C:\WINDOWS\FONTS\calibrib.ttf
2023-05-15 11:25:42,683 DEBUG [main] FontFileFinder:142 - checkFontfile found C:\WINDOWS\FONTS\calibrib.ttf
2023-05-15 11:25:42,684 DEBUG [main] FontFileFinder:136 - checkFontfile check C:\WINDOWS\FONTS\calibrii.ttf
2023-05-15 11:25:42,684 DEBUG [main] FontFileFinder:142 - checkFontfile found C:\WINDOWS\FONTS\calibrii.ttf
2023-05-15 11:25:42,684 DEBUG [main] FontFileFinder:136 - checkFontfile check C:\WINDOWS\FONTS\calibril.ttf
2023-05-15 11:25:42,684 DEBUG [main] FontFileFinder:142 - checkFontfile found C:\WINDOWS\FONTS\calibril.ttf
2023-05-15 11:25:42,684 DEBUG [main] FontFileFinder:136 - checkFontfile check C:\WINDOWS\FONTS\calibrili.ttf
2023-05-15 11:25:42,684 DEBUG [main] FontFileFinder:142 - checkFontfile found C:\WINDOWS\FONTS\calibrili.ttf
2023-05-15 11:25:42,685 DEBUG [main] FontFileFinder:136 - checkFontfile check C:\WINDOWS\FONTS\calibriz.ttf
2023-05-15 11:25:42,685 DEBUG [main] FontFileFinder:142 - checkFontfile found C:\WINDOWS\FONTS\calibriz.ttf
2023-05-15 11:25:42,685 DEBUG [main] FontFileFinder:136 - checkFontfile check C:\WINDOWS\FONTS\cambria.ttc
2023-05-15 11:25:42,685 DEBUG [main] FontFileFinder:142 - checkFontfile found C:\WINDOWS\FONTS\cambria.ttc
2023-05-15 11:25:42,685 DEBUG [main] FontFileFinder:136 - checkFontfile check C:\WINDOWS\FONTS\cambriab.ttf
2023-05-15 11:25:42,686 DEBUG [main] FontFileFinder:142 - checkFontfile found C:\WINDOWS\FONTS\cambriab.ttf
2023-05-15 11:25:42,686 DEBUG [main] FontFileFinder:136 - checkFontfile check C:\WINDOWS\FONTS\cambriai.ttf
2023-05-15 11:25:42,687 DEBUG [main] FontFileFinder:142 - checkFontfile found C:\WINDOWS\FONTS\cambriai.ttf
2023-05-15 11:25:42,687 DEBUG [main] FontFileFinder:136 - checkFontfile check C:\WINDOWS\FONTS\cambriaz.ttf
2023-05-15 11:25:42,687 DEBUG [main] FontFileFinder:142 - checkFontfile found C:\WINDOWS\FONTS\cambriaz.ttf
2023-05-15 11:25:42,687 DEBUG [main] FontFileFinder:136 - checkFontfile check C:\WINDOWS\FONTS\Candara.ttf
2023-05-15 11:25:42,687 DEBUG [main] FontFileFinder:142 - checkFontfile found C:\WINDOWS\FONTS\Candara.ttf
2023-05-15 11:25:42,688 DEBUG [main] FontFileFinder:136 - checkFontfile check C:\WINDOWS\FONTS\Candarab.ttf
2023-05-15 11:25:42,688 DEBUG [main] FontFileFinder:142 - checkFontfile found C:\WINDOWS\FONTS\Candarab.ttf
2023-05-15 11:25:42,688 DEBUG [main] FontFileFinder:136 - checkFontfile check C:\WINDOWS\FONTS\Candarai.ttf
2023-05-15 11:25:42,689 DEBUG [main] FontFileFinder:142 - checkFontfile found C:\WINDOWS\FONTS\Candarai.ttf
2023-05-15 11:25:42,689 DEBUG [main] FontFileFinder:136 - checkFontfile check C:\WINDOWS\FONTS\Candaral.ttf
2023-05-15 11:25:42,689 DEBUG [main] FontFileFinder:142 - checkFontfile found C:\WINDOWS\FONTS\Candaral.ttf
2023-05-15 11:25:42,689 DEBUG [main] FontFileFinder:136 - checkFontfile check C:\WINDOWS\FONTS\Candarali.ttf
2023-05-15 11:25:42,689 DEBUG [main] FontFileFinder:142 - checkFontfile found C:\WINDOWS\FONTS\Candarali.ttf
2023-05-15 11:25:42,689 DEBUG [main] FontFileFinder:136 - checkFontfile check C:\WINDOWS\FONTS\Candaraz.ttf
2023-05-15 11:25:42,689 DEBUG [main] FontFileFinder:142 - checkFontfile found C:\WINDOWS\FONTS\Candaraz.ttf
2023-05-15 11:25:42,689 DEBUG [main] FontFileFinder:136 - checkFontfile check C:\WINDOWS\FONTS\cga40737.fon
2023-05-15 11:25:42,689 DEBUG [main] FontFileFinder:136 - checkFontfile check C:\WINDOWS\FONTS\cga40850.fon
2023-05-15 11:25:42,690 DEBUG [main] FontFileFinder:136 - checkFontfile check C:\WINDOWS\FONTS\cga40852.fon
2023-05-15 11:25:42,690 DEBUG [main] FontFileFinder:136 - checkFontfile check C:\WINDOWS\FONTS\cga40857.fon
2023-05-15 11:25:42,691 DEBUG [main] FontFileFinder:136 - checkFontfile check C:\WINDOWS\FONTS\cga40866.fon
2023-05-15 11:25:42,691 DEBUG [main] FontFileFinder:136 - checkFontfile check C:\WINDOWS\FONTS\cga40869.fon
2023-05-15 11:25:42,691 DEBUG [main] FontFileFinder:136 - checkFontfile check C:\WINDOWS\FONTS\cga40woa.fon
2023-05-15 11:25:42,691 DEBUG [main] FontFileFinder:136 - checkFontfile check C:\WINDOWS\FONTS\cga80737.fon
2023-05-15 11:25:42,691 DEBUG [main] FontFileFinder:136 - checkFontfile check C:\WINDOWS\FONTS\cga80850.fon
2023-05-15 11:25:42,691 DEBUG [main] FontFileFinder:136 - checkFontfile check C:\WINDOWS\FONTS\cga80852.fon
2023-05-15 11:25:42,691 DEBUG [main] FontFileFinder:136 - checkFontfile check C:\WINDOWS\FONTS\cga80857.fon
2023-05-15 11:25:42,691 DEBUG [main] FontFileFinder:136 - checkFontfile check C:\WINDOWS\FONTS\cga80866.fon
2023-05-15 11:25:42,691 DEBUG [main] FontFileFinder:136 - checkFontfile check C:\WINDOWS\FONTS\cga80869.fon
2023-05-15 11:25:42,691 DEBUG [main] FontFileFinder:136 - checkFontfile check C:\WINDOWS\FONTS\cga80woa.fon
2023-05-15 11:25:42,691 DEBUG [main] FontFileFinder:136 - checkFontfile check C:\WINDOWS\FONTS\comic.ttf
2023-05-15 11:25:42,691 DEBUG [main] FontFileFinder:142 - checkFontfile found C:\WINDOWS\FONTS\comic.ttf
2023-05-15 11:25:42,691 DEBUG [main] FontFileFinder:136 - checkFontfile check C:\WINDOWS\FONTS\comicbd.ttf
2023-05-15 11:25:42,693 DEBUG [main] FontFileFinder:142 - checkFontfile found C:\WINDOWS\FONTS\comicbd.ttf
2023-05-15 11:25:42,693 DEBUG [main] FontFileFinder:136 - checkFontfile check C:\WINDOWS\FONTS\comici.ttf
2023-05-15 11:25:42,693 DEBUG [main] FontFileFinder:142 - checkFontfile found C:\WINDOWS\FONTS\comici.ttf
2023-05-15 11:25:42,693 DEBUG [main] FontFileFinder:136 - checkFontfile check C:\WINDOWS\FONTS\comicz.ttf
2023-05-15 11:25:42,694 DEBUG [main] FontFileFinder:142 - checkFontfile found C:\WINDOWS\FONTS\comicz.ttf
2023-05-15 11:25:42,694 DEBUG [main] FontFileFinder:136 - checkFontfile check C:\WINDOWS\FONTS\consola.ttf
2023-05-15 11:25:42,694 DEBUG [main] FontFileFinder:142 - checkFontfile found C:\WINDOWS\FONTS\consola.ttf
2023-05-15 11:25:42,694 DEBUG [main] FontFileFinder:136 - checkFontfile check C:\WINDOWS\FONTS\consolab.ttf
2023-05-15 11:25:42,694 DEBUG [main] FontFileFinder:142 - checkFontfile found C:\WINDOWS\FONTS\consolab.ttf
2023-05-15 11:25:42,694 DEBUG [main] FontFileFinder:136 - checkFontfile check C:\WINDOWS\FONTS\consolai.ttf
2023-05-15 11:25:42,694 DEBUG [main] FontFileFinder:142 - checkFontfile found C:\WINDOWS\FONTS\consolai.ttf
2023-05-15 11:25:42,694 DEBUG [main] FontFileFinder:136 - checkFontfile check C:\WINDOWS\FONTS\consolaz.ttf
2023-05-15 11:25:42,696 DEBUG [main] FontFileFinder:142 - checkFontfile found C:\WINDOWS\FONTS\consolaz.ttf
2023-05-15 11:25:42,696 DEBUG [main] FontFileFinder:136 - checkFontfile check C:\WINDOWS\FONTS\constan.ttf
2023-05-15 11:25:42,696 DEBUG [main] FontFileFinder:142 - checkFontfile found C:\WINDOWS\FONTS\constan.ttf
2023-05-15 11:25:42,696 DEBUG [main] FontFileFinder:136 - checkFontfile check C:\WINDOWS\FONTS\constanb.ttf
2023-05-15 11:25:42,697 DEBUG [main] FontFileFinder:142 - checkFontfile found C:\WINDOWS\FONTS\constanb.ttf
2023-05-15 11:25:42,697 DEBUG [main] FontFileFinder:136 - checkFontfile check C:\WINDOWS\FONTS\constani.ttf
2023-05-15 11:25:42,697 DEBUG [main] FontFileFinder:142 - checkFontfile found C:\WINDOWS\FONTS\constani.ttf
2023-05-15 11:25:42,697 DEBUG [main] FontFileFinder:136 - checkFontfile check C:\WINDOWS\FONTS\constanz.ttf
2023-05-15 11:25:42,697 DEBUG [main] FontFileFinder:142 - checkFontfile found C:\WINDOWS\FONTS\constanz.ttf
2023-05-15 11:25:42,698 DEBUG [main] FontFileFinder:136 - checkFontfile check C:\WINDOWS\FONTS\corbel.ttf
2023-05-15 11:25:42,698 DEBUG [main] FontFileFinder:142 - checkFontfile found C:\WINDOWS\FONTS\corbel.ttf
2023-05-15 11:25:42,698 DEBUG [main] FontFileFinder:136 - checkFontfile check C:\WINDOWS\FONTS\corbelb.ttf
2023-05-15 11:25:42,698 DEBUG [main] FontFileFinder:142 - checkFontfile found C:\WINDOWS\FONTS\corbelb.ttf
2023-05-15 11:25:42,698 DEBUG [main] FontFileFinder:136 - checkFontfile check C:\WINDOWS\FONTS\corbeli.ttf
2023-05-15 11:25:42,699 DEBUG [main] FontFileFinder:142 - checkFontfile found C:\WINDOWS\FONTS\corbeli.ttf
2023-05-15 11:25:42,699 DEBUG [main] FontFileFinder:136 - checkFontfile check C:\WINDOWS\FONTS\corbell.ttf
2023-05-15 11:25:42,699 DEBUG [main] FontFileFinder:142 - checkFontfile found C:\WINDOWS\FONTS\corbell.ttf
2023-05-15 11:25:42,699 DEBUG [main] FontFileFinder:136 - checkFontfile check C:\WINDOWS\FONTS\corbelli.ttf
2023-05-15 11:25:42,700 DEBUG [main] FontFileFinder:142 - checkFontfile found C:\WINDOWS\FONTS\corbelli.ttf
2023-05-15 11:25:42,700 DEBUG [main] FontFileFinder:136 - checkFontfile check C:\WINDOWS\FONTS\corbelz.ttf
2023-05-15 11:25:42,700 DEBUG [main] FontFileFinder:142 - checkFontfile found C:\WINDOWS\FONTS\corbelz.ttf
2023-05-15 11:25:42,700 DEBUG [main] FontFileFinder:136 - checkFontfile check C:\WINDOWS\FONTS\coue1255.fon
2023-05-15 11:25:42,700 DEBUG [main] FontFileFinder:136 - checkFontfile check C:\WINDOWS\FONTS\coue1256.fon
2023-05-15 11:25:42,700 DEBUG [main] FontFileFinder:136 - checkFontfile check C:\WINDOWS\FONTS\coue1257.fon
2023-05-15 11:25:42,700 DEBUG [main] FontFileFinder:136 - checkFontfile check C:\WINDOWS\FONTS\couf1255.fon
2023-05-15 11:25:42,701 DEBUG [main] FontFileFinder:136 - checkFontfile check C:\WINDOWS\FONTS\couf1256.fon
2023-05-15 11:25:42,701 DEBUG [main] FontFileFinder:136 - checkFontfile check C:\WINDOWS\FONTS\couf1257.fon
2023-05-15 11:25:42,701 DEBUG [main] FontFileFinder:136 - checkFontfile check C:\WINDOWS\FONTS\cour.ttf
2023-05-15 11:25:42,701 DEBUG [main] FontFileFinder:142 - checkFontfile found C:\WINDOWS\FONTS\cour.ttf
2023-05-15 11:25:42,701 DEBUG [main] FontFileFinder:136 - checkFontfile check C:\WINDOWS\FONTS\courbd.ttf
2023-05-15 11:25:42,701 DEBUG [main] FontFileFinder:142 - checkFontfile found C:\WINDOWS\FONTS\courbd.ttf
2023-05-15 11:25:42,702 DEBUG [main] FontFileFinder:136 - checkFontfile check C:\WINDOWS\FONTS\courbi.ttf
2023-05-15 11:25:42,702 DEBUG [main] FontFileFinder:142 - checkFontfile found C:\WINDOWS\FONTS\courbi.ttf
2023-05-15 11:25:42,703 DEBUG [main] FontFileFinder:136 - checkFontfile check C:\WINDOWS\FONTS\coure.fon
2023-05-15 11:25:42,703 DEBUG [main] FontFileFinder:136 - checkFontfile check C:\WINDOWS\FONTS\couree.fon
2023-05-15 11:25:42,703 DEBUG [main] FontFileFinder:136 - checkFontfile check C:\WINDOWS\FONTS\coureg.fon
2023-05-15 11:25:42,703 DEBUG [main] FontFileFinder:136 - checkFontfile check C:\WINDOWS\FONTS\courer.fon
2023-05-15 11:25:42,704 DEBUG [main] FontFileFinder:136 - checkFontfile check C:\WINDOWS\FONTS\couret.fon
2023-05-15 11:25:42,704 DEBUG [main] FontFileFinder:136 - checkFontfile check C:\WINDOWS\FONTS\courf.fon
2023-05-15 11:25:42,704 DEBUG [main] FontFileFinder:136 - checkFontfile check C:\WINDOWS\FONTS\courfe.fon
2023-05-15 11:25:42,704 DEBUG [main] FontFileFinder:136 - checkFontfile check C:\WINDOWS\FONTS\courfg.fon
2023-05-15 11:25:42,704 DEBUG [main] FontFileFinder:136 - checkFontfile check C:\WINDOWS\FONTS\courfr.fon
2023-05-15 11:25:42,705 DEBUG [main] FontFileFinder:136 - checkFontfile check C:\WINDOWS\FONTS\courft.fon
2023-05-15 11:25:42,705 DEBUG [main] FontFileFinder:136 - checkFontfile check C:\WINDOWS\FONTS\couri.ttf
2023-05-15 11:25:42,705 DEBUG [main] FontFileFinder:142 - checkFontfile found C:\WINDOWS\FONTS\couri.ttf
2023-05-15 11:25:42,706 DEBUG [main] FontFileFinder:136 - checkFontfile check C:\WINDOWS\FONTS\cvgafix.fon
2023-05-15 11:25:42,706 DEBUG [main] FontFileFinder:136 - checkFontfile check C:\WINDOWS\FONTS\cvgasys.fon
2023-05-15 11:25:42,707 DEBUG [main] FontFileFinder:136 - checkFontfile check C:\WINDOWS\FONTS\DejaVuSans-Bold.ttf
2023-05-15 11:25:42,707 DEBUG [main] FontFileFinder:142 - checkFontfile found C:\WINDOWS\FONTS\DejaVuSans-Bold.ttf
2023-05-15 11:25:42,707 DEBUG [main] FontFileFinder:136 - checkFontfile check C:\WINDOWS\FONTS\DejaVuSans-BoldOblique.ttf
2023-05-15 11:25:42,708 DEBUG [main] FontFileFinder:142 - checkFontfile found C:\WINDOWS\FONTS\DejaVuSans-BoldOblique.ttf
2023-05-15 11:25:42,708 DEBUG [main] FontFileFinder:136 - checkFontfile check C:\WINDOWS\FONTS\DejaVuSans-ExtraLight.ttf
2023-05-15 11:25:42,708 DEBUG [main] FontFileFinder:142 - checkFontfile found C:\WINDOWS\FONTS\DejaVuSans-ExtraLight.ttf
2023-05-15 11:25:42,709 DEBUG [main] FontFileFinder:136 - checkFontfile check C:\WINDOWS\FONTS\DejaVuSans-Oblique.ttf
2023-05-15 11:25:42,709 DEBUG [main] FontFileFinder:142 - checkFontfile found C:\WINDOWS\FONTS\DejaVuSans-Oblique.ttf
2023-05-15 11:25:42,709 DEBUG [main] FontFileFinder:136 - checkFontfile check C:\WINDOWS\FONTS\DejaVuSans.ttf
2023-05-15 11:25:42,710 DEBUG [main] FontFileFinder:142 - checkFontfile found C:\WINDOWS\FONTS\DejaVuSans.ttf
2023-05-15 11:25:42,710 DEBUG [main] FontFileFinder:136 - checkFontfile check C:\WINDOWS\FONTS\DejaVuSansCondensed-Bold.ttf
2023-05-15 11:25:42,710 DEBUG [main] FontFileFinder:142 - checkFontfile found C:\WINDOWS\FONTS\DejaVuSansCondensed-Bold.ttf
2023-05-15 11:25:42,710 DEBUG [main] FontFileFinder:136 - checkFontfile check C:\WINDOWS\FONTS\DejaVuSansCondensed-BoldOblique.ttf
2023-05-15 11:25:42,710 DEBUG [main] FontFileFinder:142 - checkFontfile found C:\WINDOWS\FONTS\DejaVuSansCondensed-BoldOblique.ttf
2023-05-15 11:25:42,710 DEBUG [main] FontFileFinder:136 - checkFontfile check C:\WINDOWS\FONTS\DejaVuSansCondensed-Oblique.ttf
2023-05-15 11:25:42,710 DEBUG [main] FontFileFinder:142 - checkFontfile found C:\WINDOWS\FONTS\DejaVuSansCondensed-Oblique.ttf
2023-05-15 11:25:42,710 DEBUG [main] FontFileFinder:136 - checkFontfile check C:\WINDOWS\FONTS\DejaVuSansCondensed.ttf
2023-05-15 11:25:42,710 DEBUG [main] FontFileFinder:142 - checkFontfile found C:\WINDOWS\FONTS\DejaVuSansCondensed.ttf
2023-05-15 11:25:42,710 DEBUG [main] FontFileFinder:136 - checkFontfile check C:\WINDOWS\FONTS\DejaVuSansMono-Bold.ttf
2023-05-15 11:25:42,710 DEBUG [main] FontFileFinder:142 - checkFontfile found C:\WINDOWS\FONTS\DejaVuSansMono-Bold.ttf
2023-05-15 11:25:42,710 DEBUG [main] FontFileFinder:136 - checkFontfile check C:\WINDOWS\FONTS\DejaVuSansMono-BoldOblique.ttf
2023-05-15 11:25:42,710 DEBUG [main] FontFileFinder:142 - checkFontfile found C:\WINDOWS\FONTS\DejaVuSansMono-BoldOblique.ttf
2023-05-15 11:25:42,710 DEBUG [main] FontFileFinder:136 - checkFontfile check C:\WINDOWS\FONTS\DejaVuSansMono-Oblique.ttf
2023-05-15 11:25:42,710 DEBUG [main] FontFileFinder:142 - checkFontfile found C:\WINDOWS\FONTS\DejaVuSansMono-Oblique.ttf
2023-05-15 11:25:42,710 DEBUG [main] FontFileFinder:136 - checkFontfile check C:\WINDOWS\FONTS\DejaVuSansMono.ttf
2023-05-15 11:25:42,710 DEBUG [main] FontFileFinder:142 - checkFontfile found C:\WINDOWS\FONTS\DejaVuSansMono.ttf
2023-05-15 11:25:42,725 DEBUG [main] FontFileFinder:136 - checkFontfile check C:\WINDOWS\FONTS\DejaVuSerif-Bold.ttf
2023-05-15 11:25:42,726 DEBUG [main] FontFileFinder:142 - checkFontfile found C:\WINDOWS\FONTS\DejaVuSerif-Bold.ttf
2023-05-15 11:25:42,726 DEBUG [main] FontFileFinder:136 - checkFontfile check C:\WINDOWS\FONTS\DejaVuSerif-BoldItalic.ttf
2023-05-15 11:25:42,727 DEBUG [main] FontFileFinder:142 - checkFontfile found C:\WINDOWS\FONTS\DejaVuSerif-BoldItalic.ttf
2023-05-15 11:25:42,727 DEBUG [main] FontFileFinder:136 - checkFontfile check C:\WINDOWS\FONTS\DejaVuSerif-Italic.ttf
2023-05-15 11:25:42,727 DEBUG [main] FontFileFinder:142 - checkFontfile found C:\WINDOWS\FONTS\DejaVuSerif-Italic.ttf
2023-05-15 11:25:42,728 DEBUG [main] FontFileFinder:136 - checkFontfile check C:\WINDOWS\FONTS\DejaVuSerif.ttf
2023-05-15 11:25:42,728 DEBUG [main] FontFileFinder:142 - checkFontfile found C:\WINDOWS\FONTS\DejaVuSerif.ttf
2023-05-15 11:25:42,728 DEBUG [main] FontFileFinder:136 - checkFontfile check C:\WINDOWS\FONTS\DejaVuSerifCondensed-Bold.ttf
2023-05-15 11:25:42,728 DEBUG [main] FontFileFinder:142 - checkFontfile found C:\WINDOWS\FONTS\DejaVuSerifCondensed-Bold.ttf
2023-05-15 11:25:42,729 DEBUG [main] FontFileFinder:136 - checkFontfile check C:\WINDOWS\FONTS\DejaVuSerifCondensed-BoldItalic.ttf
2023-05-15 11:25:42,729 DEBUG [main] FontFileFinder:142 - checkFontfile found C:\WINDOWS\FONTS\DejaVuSerifCondensed-BoldItalic.ttf
2023-05-15 11:25:42,729 DEBUG [main] FontFileFinder:136 - checkFontfile check C:\WINDOWS\FONTS\DejaVuSerifCondensed-Italic.ttf
2023-05-15 11:25:42,729 DEBUG [main] FontFileFinder:142 - checkFontfile found C:\WINDOWS\FONTS\DejaVuSerifCondensed-Italic.ttf
2023-05-15 11:25:42,730 DEBUG [main] FontFileFinder:136 - checkFontfile check C:\WINDOWS\FONTS\DejaVuSerifCondensed.ttf
2023-05-15 11:25:42,730 DEBUG [main] FontFileFinder:142 - checkFontfile found C:\WINDOWS\FONTS\DejaVuSerifCondensed.ttf
2023-05-15 11:25:42,730 DEBUG [main] FontFileFinder:136 - checkFontfile check C:\WINDOWS\FONTS\desktop.ini
2023-05-15 11:25:42,730 DEBUG [main] FontFileFinder:136 - checkFontfile check C:\WINDOWS\FONTS\dos737.fon
2023-05-15 11:25:42,730 DEBUG [main] FontFileFinder:136 - checkFontfile check C:\WINDOWS\FONTS\dos869.fon
2023-05-15 11:25:42,730 DEBUG [main] FontFileFinder:136 - checkFontfile check C:\WINDOWS\FONTS\dosapp.fon
2023-05-15 11:25:42,730 DEBUG [main] FontFileFinder:136 - checkFontfile check C:\WINDOWS\FONTS\ebrima.ttf
2023-05-15 11:25:42,730 DEBUG [main] FontFileFinder:142 - checkFontfile found C:\WINDOWS\FONTS\ebrima.ttf
2023-05-15 11:25:42,730 DEBUG [main] FontFileFinder:136 - checkFontfile check C:\WINDOWS\FONTS\ebrimabd.ttf
2023-05-15 11:25:42,730 DEBUG [main] FontFileFinder:142 - checkFontfile found C:\WINDOWS\FONTS\ebrimabd.ttf
2023-05-15 11:25:42,730 DEBUG [main] FontFileFinder:136 - checkFontfile check C:\WINDOWS\FONTS\ega40737.fon
2023-05-15 11:25:42,730 DEBUG [main] FontFileFinder:136 - checkFontfile check C:\WINDOWS\FONTS\ega40850.fon
2023-05-15 11:25:42,730 DEBUG [main] FontFileFinder:136 - checkFontfile check C:\WINDOWS\FONTS\ega40852.fon
2023-05-15 11:25:42,730 DEBUG [main] FontFileFinder:136 - checkFontfile check C:\WINDOWS\FONTS\ega40857.fon
2023-05-15 11:25:42,730 DEBUG [main] FontFileFinder:136 - checkFontfile check C:\WINDOWS\FONTS\ega40866.fon
2023-05-15 11:25:42,734 DEBUG [main] FontFileFinder:136 - checkFontfile check C:\WINDOWS\FONTS\ega40869.fon
2023-05-15 11:25:42,734 DEBUG [main] FontFileFinder:136 - checkFontfile check C:\WINDOWS\FONTS\ega40woa.fon
2023-05-15 11:25:42,734 DEBUG [main] FontFileFinder:136 - checkFontfile check C:\WINDOWS\FONTS\ega80737.fon
2023-05-15 11:25:42,735 DEBUG [main] FontFileFinder:136 - checkFontfile check C:\WINDOWS\FONTS\ega80850.fon
2023-05-15 11:25:42,735 DEBUG [main] FontFileFinder:136 - checkFontfile check C:\WINDOWS\FONTS\ega80852.fon
2023-05-15 11:25:42,735 DEBUG [main] FontFileFinder:136 - checkFontfile check C:\WINDOWS\FONTS\ega80857.fon
2023-05-15 11:25:42,735 DEBUG [main] FontFileFinder:136 - checkFontfile check C:\WINDOWS\FONTS\ega80866.fon
2023-05-15 11:25:42,736 DEBUG [main] FontFileFinder:136 - checkFontfile check C:\WINDOWS\FONTS\ega80869.fon
2023-05-15 11:25:42,736 DEBUG [main] FontFileFinder:136 - checkFontfile check C:\WINDOWS\FONTS\ega80woa.fon
2023-05-15 11:25:42,736 DEBUG [main] FontFileFinder:136 - checkFontfile check C:\WINDOWS\FONTS\fms_metadata.xml
2023-05-15 11:25:42,736 DEBUG [main] FontFileFinder:136 - checkFontfile check C:\WINDOWS\FONTS\framd.ttf
2023-05-15 11:25:42,736 DEBUG [main] FontFileFinder:142 - checkFontfile found C:\WINDOWS\FONTS\framd.ttf
2023-05-15 11:25:42,737 DEBUG [main] FontFileFinder:136 - checkFontfile check C:\WINDOWS\FONTS\framdit.ttf
2023-05-15 11:25:42,737 DEBUG [main] FontFileFinder:142 - checkFontfile found C:\WINDOWS\FONTS\framdit.ttf
2023-05-15 11:25:42,737 DEBUG [main] FontFileFinder:136 - checkFontfile check C:\WINDOWS\FONTS\Gabriola.ttf
2023-05-15 11:25:42,737 DEBUG [main] FontFileFinder:142 - checkFontfile found C:\WINDOWS\FONTS\Gabriola.ttf
2023-05-15 11:25:42,738 DEBUG [main] FontFileFinder:136 - checkFontfile check C:\WINDOWS\FONTS\gadugi.ttf
2023-05-15 11:25:42,738 DEBUG [main] FontFileFinder:142 - checkFontfile found C:\WINDOWS\FONTS\gadugi.ttf
2023-05-15 11:25:42,738 DEBUG [main] FontFileFinder:136 - checkFontfile check C:\WINDOWS\FONTS\gadugib.ttf
2023-05-15 11:25:42,739 DEBUG [main] FontFileFinder:142 - checkFontfile found C:\WINDOWS\FONTS\gadugib.ttf
2023-05-15 11:25:42,739 DEBUG [main] FontFileFinder:136 - checkFontfile check C:\WINDOWS\FONTS\GenBasB.ttf
2023-05-15 11:25:42,739 DEBUG [main] FontFileFinder:142 - checkFontfile found C:\WINDOWS\FONTS\GenBasB.ttf
2023-05-15 11:25:42,739 DEBUG [main] FontFileFinder:136 - checkFontfile check C:\WINDOWS\FONTS\GenBasBI.ttf
2023-05-15 11:25:42,740 DEBUG [main] FontFileFinder:142 - checkFontfile found C:\WINDOWS\FONTS\GenBasBI.ttf
2023-05-15 11:25:42,740 DEBUG [main] FontFileFinder:136 - checkFontfile check C:\WINDOWS\FONTS\GenBasI.ttf
2023-05-15 11:25:42,740 DEBUG [main] FontFileFinder:142 - checkFontfile found C:\WINDOWS\FONTS\GenBasI.ttf
2023-05-15 11:25:42,740 DEBUG [main] FontFileFinder:136 - checkFontfile check C:\WINDOWS\FONTS\GenBasR.ttf
2023-05-15 11:25:42,740 DEBUG [main] FontFileFinder:142 - checkFontfile found C:\WINDOWS\FONTS\GenBasR.ttf
2023-05-15 11:25:42,740 DEBUG [main] FontFileFinder:136 - checkFontfile check C:\WINDOWS\FONTS\GenBkBasB.ttf
2023-05-15 11:25:42,740 DEBUG [main] FontFileFinder:142 - checkFontfile found C:\WINDOWS\FONTS\GenBkBasB.ttf
2023-05-15 11:25:42,740 DEBUG [main] FontFileFinder:136 - checkFontfile check C:\WINDOWS\FONTS\GenBkBasBI.ttf
2023-05-15 11:25:42,740 DEBUG [main] FontFileFinder:142 - checkFontfile found C:\WINDOWS\FONTS\GenBkBasBI.ttf
2023-05-15 11:25:42,740 DEBUG [main] FontFileFinder:136 - checkFontfile check C:\WINDOWS\FONTS\GenBkBasI.ttf
2023-05-15 11:25:42,740 DEBUG [main] FontFileFinder:142 - checkFontfile found C:\WINDOWS\FONTS\GenBkBasI.ttf
2023-05-15 11:25:42,740 DEBUG [main] FontFileFinder:136 - checkFontfile check C:\WINDOWS\FONTS\GenBkBasR.ttf
2023-05-15 11:25:42,740 DEBUG [main] FontFileFinder:142 - checkFontfile found C:\WINDOWS\FONTS\GenBkBasR.ttf
2023-05-15 11:25:42,740 DEBUG [main] FontFileFinder:136 - checkFontfile check C:\WINDOWS\FONTS\georgia.ttf
2023-05-15 11:25:42,740 DEBUG [main] FontFileFinder:142 - checkFontfile found C:\WINDOWS\FONTS\georgia.ttf
2023-05-15 11:25:42,740 DEBUG [main] FontFileFinder:136 - checkFontfile check C:\WINDOWS\FONTS\georgiab.ttf
2023-05-15 11:25:42,740 DEBUG [main] FontFileFinder:142 - checkFontfile found C:\WINDOWS\FONTS\georgiab.ttf
2023-05-15 11:25:42,740 DEBUG [main] FontFileFinder:136 - checkFontfile check C:\WINDOWS\FONTS\georgiai.ttf
2023-05-15 11:25:42,740 DEBUG [main] FontFileFinder:142 - checkFontfile found C:\WINDOWS\FONTS\georgiai.ttf
2023-05-15 11:25:42,740 DEBUG [main] FontFileFinder:136 - checkFontfile check C:\WINDOWS\FONTS\georgiaz.ttf
2023-05-15 11:25:42,740 DEBUG [main] FontFileFinder:142 - checkFontfile found C:\WINDOWS\FONTS\georgiaz.ttf
2023-05-15 11:25:42,745 DEBUG [main] FontFileFinder:136 - checkFontfile check C:\WINDOWS\FONTS\h8514fix.fon
2023-05-15 11:25:42,746 DEBUG [main] FontFileFinder:136 - checkFontfile check C:\WINDOWS\FONTS\h8514oem.fon
2023-05-15 11:25:42,746 DEBUG [main] FontFileFinder:136 - checkFontfile check C:\WINDOWS\FONTS\h8514sys.fon
2023-05-15 11:25:42,746 DEBUG [main] FontFileFinder:136 - checkFontfile check C:\WINDOWS\FONTS\himalaya.ttf
2023-05-15 11:25:42,746 DEBUG [main] FontFileFinder:142 - checkFontfile found C:\WINDOWS\FONTS\himalaya.ttf
2023-05-15 11:25:42,746 DEBUG [main] FontFileFinder:136 - checkFontfile check C:\WINDOWS\FONTS\holomdl2.ttf
2023-05-15 11:25:42,746 DEBUG [main] FontFileFinder:142 - checkFontfile found C:\WINDOWS\FONTS\holomdl2.ttf
2023-05-15 11:25:42,746 DEBUG [main] FontFileFinder:136 - checkFontfile check C:\WINDOWS\FONTS\hvgafix.fon
2023-05-15 11:25:42,747 DEBUG [main] FontFileFinder:136 - checkFontfile check C:\WINDOWS\FONTS\hvgasys.fon
2023-05-15 11:25:42,747 DEBUG [main] FontFileFinder:136 - checkFontfile check C:\WINDOWS\FONTS\impact.ttf
2023-05-15 11:25:42,747 DEBUG [main] FontFileFinder:142 - checkFontfile found C:\WINDOWS\FONTS\impact.ttf
2023-05-15 11:25:42,747 DEBUG [main] FontFileFinder:136 - checkFontfile check C:\WINDOWS\FONTS\Inkfree.ttf
2023-05-15 11:25:42,747 DEBUG [main] FontFileFinder:142 - checkFontfile found C:\WINDOWS\FONTS\Inkfree.ttf
2023-05-15 11:25:42,747 DEBUG [main] FontFileFinder:136 - checkFontfile check C:\WINDOWS\FONTS\j8514fix.fon
2023-05-15 11:25:42,747 DEBUG [main] FontFileFinder:136 - checkFontfile check C:\WINDOWS\FONTS\j8514oem.fon
2023-05-15 11:25:42,748 DEBUG [main] FontFileFinder:136 - checkFontfile check C:\WINDOWS\FONTS\j8514sys.fon
2023-05-15 11:25:42,748 DEBUG [main] FontFileFinder:136 - checkFontfile check C:\WINDOWS\FONTS\javatext.ttf
2023-05-15 11:25:42,748 DEBUG [main] FontFileFinder:142 - checkFontfile found C:\WINDOWS\FONTS\javatext.ttf
2023-05-15 11:25:42,748 DEBUG [main] FontFileFinder:136 - checkFontfile check C:\WINDOWS\FONTS\jsmalle.fon
2023-05-15 11:25:42,748 DEBUG [main] FontFileFinder:136 - checkFontfile check C:\WINDOWS\FONTS\jsmallf.fon
2023-05-15 11:25:42,748 DEBUG [main] FontFileFinder:136 - checkFontfile check C:\WINDOWS\FONTS\jvgafix.fon
2023-05-15 11:25:42,748 DEBUG [main] FontFileFinder:136 - checkFontfile check C:\WINDOWS\FONTS\jvgasys.fon
2023-05-15 11:25:42,749 DEBUG [main] FontFileFinder:136 - checkFontfile check C:\WINDOWS\FONTS\LeelaUIb.ttf
2023-05-15 11:25:42,749 DEBUG [main] FontFileFinder:142 - checkFontfile found C:\WINDOWS\FONTS\LeelaUIb.ttf
2023-05-15 11:25:42,749 DEBUG [main] FontFileFinder:136 - checkFontfile check C:\WINDOWS\FONTS\LeelawUI.ttf
2023-05-15 11:25:42,749 DEBUG [main] FontFileFinder:142 - checkFontfile found C:\WINDOWS\FONTS\LeelawUI.ttf
2023-05-15 11:25:42,749 DEBUG [main] FontFileFinder:136 - checkFontfile check C:\WINDOWS\FONTS\LeelUIsl.ttf
2023-05-15 11:25:42,749 DEBUG [main] FontFileFinder:142 - checkFontfile found C:\WINDOWS\FONTS\LeelUIsl.ttf
2023-05-15 11:25:42,749 DEBUG [main] FontFileFinder:136 - checkFontfile check C:\WINDOWS\FONTS\lucon.ttf
2023-05-15 11:25:42,750 DEBUG [main] FontFileFinder:142 - checkFontfile found C:\WINDOWS\FONTS\lucon.ttf
2023-05-15 11:25:42,750 DEBUG [main] FontFileFinder:136 - checkFontfile check C:\WINDOWS\FONTS\l_10646.ttf
2023-05-15 11:25:42,750 DEBUG [main] FontFileFinder:142 - checkFontfile found C:\WINDOWS\FONTS\l_10646.ttf
2023-05-15 11:25:42,750 DEBUG [main] FontFileFinder:136 - checkFontfile check C:\WINDOWS\FONTS\malgun.ttf
2023-05-15 11:25:42,750 DEBUG [main] FontFileFinder:142 - checkFontfile found C:\WINDOWS\FONTS\malgun.ttf
2023-05-15 11:25:42,750 DEBUG [main] FontFileFinder:136 - checkFontfile check C:\WINDOWS\FONTS\malgunbd.ttf
2023-05-15 11:25:42,750 DEBUG [main] FontFileFinder:142 - checkFontfile found C:\WINDOWS\FONTS\malgunbd.ttf
2023-05-15 11:25:42,750 DEBUG [main] FontFileFinder:136 - checkFontfile check C:\WINDOWS\FONTS\malgunsl.ttf
2023-05-15 11:25:42,750 DEBUG [main] FontFileFinder:142 - checkFontfile found C:\WINDOWS\FONTS\malgunsl.ttf
2023-05-15 11:25:42,750 DEBUG [main] FontFileFinder:136 - checkFontfile check C:\WINDOWS\FONTS\marlett.ttf
2023-05-15 11:25:42,750 DEBUG [main] FontFileFinder:142 - checkFontfile found C:\WINDOWS\FONTS\marlett.ttf
2023-05-15 11:25:42,750 DEBUG [main] FontFileFinder:136 - checkFontfile check C:\WINDOWS\FONTS\micross.ttf
2023-05-15 11:25:42,750 DEBUG [main] FontFileFinder:142 - checkFontfile found C:\WINDOWS\FONTS\micross.ttf
2023-05-15 11:25:42,750 DEBUG [main] FontFileFinder:136 - checkFontfile check C:\WINDOWS\FONTS\mingliub.ttc
2023-05-15 11:25:42,750 DEBUG [main] FontFileFinder:142 - checkFontfile found C:\WINDOWS\FONTS\mingliub.ttc
2023-05-15 11:25:42,750 DEBUG [main] FontFileFinder:136 - checkFontfile check C:\WINDOWS\FONTS\mmrtext.ttf
2023-05-15 11:25:42,750 DEBUG [main] FontFileFinder:142 - checkFontfile found C:\WINDOWS\FONTS\mmrtext.ttf
2023-05-15 11:25:42,750 DEBUG [main] FontFileFinder:136 - checkFontfile check C:\WINDOWS\FONTS\mmrtextb.ttf
2023-05-15 11:25:42,750 DEBUG [main] FontFileFinder:142 - checkFontfile found C:\WINDOWS\FONTS\mmrtextb.ttf
2023-05-15 11:25:42,750 DEBUG [main] FontFileFinder:136 - checkFontfile check C:\WINDOWS\FONTS\modern.fon
2023-05-15 11:25:42,750 DEBUG [main] FontFileFinder:136 - checkFontfile check C:\WINDOWS\FONTS\monbaiti.ttf
2023-05-15 11:25:42,750 DEBUG [main] FontFileFinder:142 - checkFontfile found C:\WINDOWS\FONTS\monbaiti.ttf
2023-05-15 11:25:42,750 DEBUG [main] FontFileFinder:136 - checkFontfile check C:\WINDOWS\FONTS\msgothic.ttc
2023-05-15 11:25:42,750 DEBUG [main] FontFileFinder:142 - checkFontfile found C:\WINDOWS\FONTS\msgothic.ttc
2023-05-15 11:25:42,750 DEBUG [main] FontFileFinder:136 - checkFontfile check C:\WINDOWS\FONTS\msjh.ttc
2023-05-15 11:25:42,750 DEBUG [main] FontFileFinder:142 - checkFontfile found C:\WINDOWS\FONTS\msjh.ttc
2023-05-15 11:25:42,750 DEBUG [main] FontFileFinder:136 - checkFontfile check C:\WINDOWS\FONTS\msjhbd.ttc
2023-05-15 11:25:42,750 DEBUG [main] FontFileFinder:142 - checkFontfile found C:\WINDOWS\FONTS\msjhbd.ttc
2023-05-15 11:25:42,750 DEBUG [main] FontFileFinder:136 - checkFontfile check C:\WINDOWS\FONTS\msjhl.ttc
2023-05-15 11:25:42,750 DEBUG [main] FontFileFinder:142 - checkFontfile found C:\WINDOWS\FONTS\msjhl.ttc
2023-05-15 11:25:42,750 DEBUG [main] FontFileFinder:136 - checkFontfile check C:\WINDOWS\FONTS\msyh.ttc
2023-05-15 11:25:42,750 DEBUG [main] FontFileFinder:142 - checkFontfile found C:\WINDOWS\FONTS\msyh.ttc
2023-05-15 11:25:42,750 DEBUG [main] FontFileFinder:136 - checkFontfile check C:\WINDOWS\FONTS\msyhbd.ttc
2023-05-15 11:25:42,750 DEBUG [main] FontFileFinder:142 - checkFontfile found C:\WINDOWS\FONTS\msyhbd.ttc
2023-05-15 11:25:42,750 DEBUG [main] FontFileFinder:136 - checkFontfile check C:\WINDOWS\FONTS\msyhl.ttc
2023-05-15 11:25:42,750 DEBUG [main] FontFileFinder:142 - checkFontfile found C:\WINDOWS\FONTS\msyhl.ttc
2023-05-15 11:25:42,750 DEBUG [main] FontFileFinder:136 - checkFontfile check C:\WINDOWS\FONTS\msyi.ttf
2023-05-15 11:25:42,750 DEBUG [main] FontFileFinder:142 - checkFontfile found C:\WINDOWS\FONTS\msyi.ttf
2023-05-15 11:25:42,750 DEBUG [main] FontFileFinder:136 - checkFontfile check C:\WINDOWS\FONTS\MuseoForDell-Bold.ttf
2023-05-15 11:25:42,750 DEBUG [main] FontFileFinder:142 - checkFontfile found C:\WINDOWS\FONTS\MuseoForDell-Bold.ttf
2023-05-15 11:25:42,750 DEBUG [main] FontFileFinder:136 - checkFontfile check C:\WINDOWS\FONTS\MuseoForDell-Regular.ttf
2023-05-15 11:25:42,756 DEBUG [main] FontFileFinder:142 - checkFontfile found C:\WINDOWS\FONTS\MuseoForDell-Regular.ttf
2023-05-15 11:25:42,756 DEBUG [main] FontFileFinder:136 - checkFontfile check C:\WINDOWS\FONTS\mvboli.ttf
2023-05-15 11:25:42,756 DEBUG [main] FontFileFinder:142 - checkFontfile found C:\WINDOWS\FONTS\mvboli.ttf
2023-05-15 11:25:42,757 DEBUG [main] FontFileFinder:136 - checkFontfile check C:\WINDOWS\FONTS\Nirmala.ttf
2023-05-15 11:25:42,757 DEBUG [main] FontFileFinder:142 - checkFontfile found C:\WINDOWS\FONTS\Nirmala.ttf
2023-05-15 11:25:42,757 DEBUG [main] FontFileFinder:136 - checkFontfile check C:\WINDOWS\FONTS\NirmalaB.ttf
2023-05-15 11:25:42,758 DEBUG [main] FontFileFinder:142 - checkFontfile found C:\WINDOWS\FONTS\NirmalaB.ttf
2023-05-15 11:25:42,758 DEBUG [main] FontFileFinder:136 - checkFontfile check C:\WINDOWS\FONTS\NirmalaS.ttf
2023-05-15 11:25:42,758 DEBUG [main] FontFileFinder:142 - checkFontfile found C:\WINDOWS\FONTS\NirmalaS.ttf
2023-05-15 11:25:42,759 DEBUG [main] FontFileFinder:136 - checkFontfile check C:\WINDOWS\FONTS\ntailu.ttf
2023-05-15 11:25:42,759 DEBUG [main] FontFileFinder:142 - checkFontfile found C:\WINDOWS\FONTS\ntailu.ttf
2023-05-15 11:25:42,759 DEBUG [main] FontFileFinder:136 - checkFontfile check C:\WINDOWS\FONTS\ntailub.ttf
2023-05-15 11:25:42,759 DEBUG [main] FontFileFinder:142 - checkFontfile found C:\WINDOWS\FONTS\ntailub.ttf
2023-05-15 11:25:42,760 DEBUG [main] FontFileFinder:136 - checkFontfile check C:\WINDOWS\FONTS\opens___.ttf
2023-05-15 11:25:42,760 DEBUG [main] FontFileFinder:142 - checkFontfile found C:\WINDOWS\FONTS\opens___.ttf
2023-05-15 11:25:42,760 DEBUG [main] FontFileFinder:136 - checkFontfile check C:\WINDOWS\FONTS\pala.ttf
2023-05-15 11:25:42,760 DEBUG [main] FontFileFinder:142 - checkFontfile found C:\WINDOWS\FONTS\pala.ttf
2023-05-15 11:25:42,760 DEBUG [main] FontFileFinder:136 - checkFontfile check C:\WINDOWS\FONTS\palab.ttf
2023-05-15 11:25:42,760 DEBUG [main] FontFileFinder:142 - checkFontfile found C:\WINDOWS\FONTS\palab.ttf
2023-05-15 11:25:42,760 DEBUG [main] FontFileFinder:136 - checkFontfile check C:\WINDOWS\FONTS\palabi.ttf
2023-05-15 11:25:42,760 DEBUG [main] FontFileFinder:142 - checkFontfile found C:\WINDOWS\FONTS\palabi.ttf
2023-05-15 11:25:42,760 DEBUG [main] FontFileFinder:136 - checkFontfile check C:\WINDOWS\FONTS\palai.ttf
2023-05-15 11:25:42,760 DEBUG [main] FontFileFinder:142 - checkFontfile found C:\WINDOWS\FONTS\palai.ttf
2023-05-15 11:25:42,762 DEBUG [main] FontFileFinder:136 - checkFontfile check C:\WINDOWS\FONTS\phagspa.ttf
2023-05-15 11:25:42,762 DEBUG [main] FontFileFinder:142 - checkFontfile found C:\WINDOWS\FONTS\phagspa.ttf
2023-05-15 11:25:42,762 DEBUG [main] FontFileFinder:136 - checkFontfile check C:\WINDOWS\FONTS\phagspab.ttf
2023-05-15 11:25:42,762 DEBUG [main] FontFileFinder:142 - checkFontfile found C:\WINDOWS\FONTS\phagspab.ttf
2023-05-15 11:25:42,762 DEBUG [main] FontFileFinder:136 - checkFontfile check C:\WINDOWS\FONTS\roman.fon
2023-05-15 11:25:42,762 DEBUG [main] FontFileFinder:136 - checkFontfile check C:\WINDOWS\FONTS\s8514fix.fon
2023-05-15 11:25:42,763 DEBUG [main] FontFileFinder:136 - checkFontfile check C:\WINDOWS\FONTS\s8514oem.fon
2023-05-15 11:25:42,763 DEBUG [main] FontFileFinder:136 - checkFontfile check C:\WINDOWS\FONTS\s8514sys.fon
2023-05-15 11:25:42,763 DEBUG [main] FontFileFinder:136 - checkFontfile check C:\WINDOWS\FONTS\script.fon
2023-05-15 11:25:42,763 DEBUG [main] FontFileFinder:136 - checkFontfile check C:\WINDOWS\FONTS\segmdl2.ttf
2023-05-15 11:25:42,763 DEBUG [main] FontFileFinder:142 - checkFontfile found C:\WINDOWS\FONTS\segmdl2.ttf
2023-05-15 11:25:42,763 DEBUG [main] FontFileFinder:136 - checkFontfile check C:\WINDOWS\FONTS\segoepr.ttf
2023-05-15 11:25:42,764 DEBUG [main] FontFileFinder:142 - checkFontfile found C:\WINDOWS\FONTS\segoepr.ttf
2023-05-15 11:25:42,764 DEBUG [main] FontFileFinder:136 - checkFontfile check C:\WINDOWS\FONTS\segoeprb.ttf
2023-05-15 11:25:42,764 DEBUG [main] FontFileFinder:142 - checkFontfile found C:\WINDOWS\FONTS\segoeprb.ttf
2023-05-15 11:25:42,764 DEBUG [main] FontFileFinder:136 - checkFontfile check C:\WINDOWS\FONTS\segoesc.ttf
2023-05-15 11:25:42,764 DEBUG [main] FontFileFinder:142 - checkFontfile found C:\WINDOWS\FONTS\segoesc.ttf
2023-05-15 11:25:42,764 DEBUG [main] FontFileFinder:136 - checkFontfile check C:\WINDOWS\FONTS\segoescb.ttf
2023-05-15 11:25:42,764 DEBUG [main] FontFileFinder:142 - checkFontfile found C:\WINDOWS\FONTS\segoescb.ttf
2023-05-15 11:25:42,765 DEBUG [main] FontFileFinder:136 - checkFontfile check C:\WINDOWS\FONTS\segoeui.ttf
2023-05-15 11:25:42,765 DEBUG [main] FontFileFinder:142 - checkFontfile found C:\WINDOWS\FONTS\segoeui.ttf
2023-05-15 11:25:42,765 DEBUG [main] FontFileFinder:136 - checkFontfile check C:\WINDOWS\FONTS\segoeuib.ttf
2023-05-15 11:25:42,765 DEBUG [main] FontFileFinder:142 - checkFontfile found C:\WINDOWS\FONTS\segoeuib.ttf
2023-05-15 11:25:42,765 DEBUG [main] FontFileFinder:136 - checkFontfile check C:\WINDOWS\FONTS\segoeuii.ttf
2023-05-15 11:25:42,765 DEBUG [main] FontFileFinder:142 - checkFontfile found C:\WINDOWS\FONTS\segoeuii.ttf
2023-05-15 11:25:42,765 DEBUG [main] FontFileFinder:136 - checkFontfile check C:\WINDOWS\FONTS\segoeuil.ttf
2023-05-15 11:25:42,765 DEBUG [main] FontFileFinder:142 - checkFontfile found C:\WINDOWS\FONTS\segoeuil.ttf
2023-05-15 11:25:42,765 DEBUG [main] FontFileFinder:136 - checkFontfile check C:\WINDOWS\FONTS\segoeuisl.ttf
2023-05-15 11:25:42,765 DEBUG [main] FontFileFinder:142 - checkFontfile found C:\WINDOWS\FONTS\segoeuisl.ttf
2023-05-15 11:25:42,767 DEBUG [main] FontFileFinder:136 - checkFontfile check C:\WINDOWS\FONTS\segoeuiz.ttf
2023-05-15 11:25:42,767 DEBUG [main] FontFileFinder:142 - checkFontfile found C:\WINDOWS\FONTS\segoeuiz.ttf
2023-05-15 11:25:42,767 DEBUG [main] FontFileFinder:136 - checkFontfile check C:\WINDOWS\FONTS\seguibl.ttf
2023-05-15 11:25:42,767 DEBUG [main] FontFileFinder:142 - checkFontfile found C:\WINDOWS\FONTS\seguibl.ttf
2023-05-15 11:25:42,767 DEBUG [main] FontFileFinder:136 - checkFontfile check C:\WINDOWS\FONTS\seguibli.ttf
2023-05-15 11:25:42,768 DEBUG [main] FontFileFinder:142 - checkFontfile found C:\WINDOWS\FONTS\seguibli.ttf
2023-05-15 11:25:42,768 DEBUG [main] FontFileFinder:136 - checkFontfile check C:\WINDOWS\FONTS\seguiemj.ttf
2023-05-15 11:25:42,768 DEBUG [main] FontFileFinder:142 - checkFontfile found C:\WINDOWS\FONTS\seguiemj.ttf
2023-05-15 11:25:42,768 DEBUG [main] FontFileFinder:136 - checkFontfile check C:\WINDOWS\FONTS\seguihis.ttf
2023-05-15 11:25:42,768 DEBUG [main] FontFileFinder:142 - checkFontfile found C:\WINDOWS\FONTS\seguihis.ttf
2023-05-15 11:25:42,768 DEBUG [main] FontFileFinder:136 - checkFontfile check C:\WINDOWS\FONTS\seguili.ttf
2023-05-15 11:25:42,768 DEBUG [main] FontFileFinder:142 - checkFontfile found C:\WINDOWS\FONTS\seguili.ttf
2023-05-15 11:25:42,769 DEBUG [main] FontFileFinder:136 - checkFontfile check C:\WINDOWS\FONTS\seguisb.ttf
2023-05-15 11:25:42,769 DEBUG [main] FontFileFinder:142 - checkFontfile found C:\WINDOWS\FONTS\seguisb.ttf
2023-05-15 11:25:42,769 DEBUG [main] FontFileFinder:136 - checkFontfile check C:\WINDOWS\FONTS\seguisbi.ttf
2023-05-15 11:25:42,769 DEBUG [main] FontFileFinder:142 - checkFontfile found C:\WINDOWS\FONTS\seguisbi.ttf
2023-05-15 11:25:42,769 DEBUG [main] FontFileFinder:136 - checkFontfile check C:\WINDOWS\FONTS\seguisli.ttf
2023-05-15 11:25:42,769 DEBUG [main] FontFileFinder:142 - checkFontfile found C:\WINDOWS\FONTS\seguisli.ttf
2023-05-15 11:25:42,769 DEBUG [main] FontFileFinder:136 - checkFontfile check C:\WINDOWS\FONTS\seguisym.ttf
2023-05-15 11:25:42,769 DEBUG [main] FontFileFinder:142 - checkFontfile found C:\WINDOWS\FONTS\seguisym.ttf
2023-05-15 11:25:42,769 DEBUG [main] FontFileFinder:136 - checkFontfile check C:\WINDOWS\FONTS\sere1255.fon
2023-05-15 11:25:42,769 DEBUG [main] FontFileFinder:136 - checkFontfile check C:\WINDOWS\FONTS\sere1256.fon
2023-05-15 11:25:42,769 DEBUG [main] FontFileFinder:136 - checkFontfile check C:\WINDOWS\FONTS\sere1257.fon
2023-05-15 11:25:42,769 DEBUG [main] FontFileFinder:136 - checkFontfile check C:\WINDOWS\FONTS\serf1255.fon
2023-05-15 11:25:42,770 DEBUG [main] FontFileFinder:136 - checkFontfile check C:\WINDOWS\FONTS\serf1256.fon
2023-05-15 11:25:42,770 DEBUG [main] FontFileFinder:136 - checkFontfile check C:\WINDOWS\FONTS\serf1257.fon
2023-05-15 11:25:42,770 DEBUG [main] FontFileFinder:136 - checkFontfile check C:\WINDOWS\FONTS\serife.fon
2023-05-15 11:25:42,770 DEBUG [main] FontFileFinder:136 - checkFontfile check C:\WINDOWS\FONTS\serifee.fon
2023-05-15 11:25:42,770 DEBUG [main] FontFileFinder:136 - checkFontfile check C:\WINDOWS\FONTS\serifeg.fon
2023-05-15 11:25:42,771 DEBUG [main] FontFileFinder:136 - checkFontfile check C:\WINDOWS\FONTS\serifer.fon
2023-05-15 11:25:42,771 DEBUG [main] FontFileFinder:136 - checkFontfile check C:\WINDOWS\FONTS\serifet.fon
2023-05-15 11:25:42,771 DEBUG [main] FontFileFinder:136 - checkFontfile check C:\WINDOWS\FONTS\seriff.fon
2023-05-15 11:25:42,771 DEBUG [main] FontFileFinder:136 - checkFontfile check C:\WINDOWS\FONTS\seriffe.fon
2023-05-15 11:25:42,772 DEBUG [main] FontFileFinder:136 - checkFontfile check C:\WINDOWS\FONTS\seriffg.fon
2023-05-15 11:25:42,772 DEBUG [main] FontFileFinder:136 - checkFontfile check C:\WINDOWS\FONTS\seriffr.fon
2023-05-15 11:25:42,772 DEBUG [main] FontFileFinder:136 - checkFontfile check C:\WINDOWS\FONTS\serifft.fon
2023-05-15 11:25:42,772 DEBUG [main] FontFileFinder:136 - checkFontfile check C:\WINDOWS\FONTS\simsun.ttc
2023-05-15 11:25:42,773 DEBUG [main] FontFileFinder:142 - checkFontfile found C:\WINDOWS\FONTS\simsun.ttc
2023-05-15 11:25:42,773 DEBUG [main] FontFileFinder:136 - checkFontfile check C:\WINDOWS\FONTS\simsunb.ttf
2023-05-15 11:25:42,773 DEBUG [main] FontFileFinder:142 - checkFontfile found C:\WINDOWS\FONTS\simsunb.ttf
2023-05-15 11:25:42,773 DEBUG [main] FontFileFinder:136 - checkFontfile check C:\WINDOWS\FONTS\Sitka.ttc
2023-05-15 11:25:42,773 DEBUG [main] FontFileFinder:142 - checkFontfile found C:\WINDOWS\FONTS\Sitka.ttc
2023-05-15 11:25:42,774 DEBUG [main] FontFileFinder:136 - checkFontfile check C:\WINDOWS\FONTS\SitkaB.ttc
2023-05-15 11:25:42,774 DEBUG [main] FontFileFinder:142 - checkFontfile found C:\WINDOWS\FONTS\SitkaB.ttc
2023-05-15 11:25:42,774 DEBUG [main] FontFileFinder:136 - checkFontfile check C:\WINDOWS\FONTS\SitkaI.ttc
2023-05-15 11:25:42,774 DEBUG [main] FontFileFinder:142 - checkFontfile found C:\WINDOWS\FONTS\SitkaI.ttc
2023-05-15 11:25:42,774 DEBUG [main] FontFileFinder:136 - checkFontfile check C:\WINDOWS\FONTS\SitkaZ.ttc
2023-05-15 11:25:42,774 DEBUG [main] FontFileFinder:142 - checkFontfile found C:\WINDOWS\FONTS\SitkaZ.ttc
2023-05-15 11:25:42,774 DEBUG [main] FontFileFinder:136 - checkFontfile check C:\WINDOWS\FONTS\smae1255.fon
2023-05-15 11:25:42,774 DEBUG [main] FontFileFinder:136 - checkFontfile check C:\WINDOWS\FONTS\smae1256.fon
2023-05-15 11:25:42,776 DEBUG [main] FontFileFinder:136 - checkFontfile check C:\WINDOWS\FONTS\smae1257.fon
2023-05-15 11:25:42,776 DEBUG [main] FontFileFinder:136 - checkFontfile check C:\WINDOWS\FONTS\smaf1255.fon
2023-05-15 11:25:42,776 DEBUG [main] FontFileFinder:136 - checkFontfile check C:\WINDOWS\FONTS\smaf1256.fon
2023-05-15 11:25:42,776 DEBUG [main] FontFileFinder:136 - checkFontfile check C:\WINDOWS\FONTS\smaf1257.fon
2023-05-15 11:25:42,776 DEBUG [main] FontFileFinder:136 - checkFontfile check C:\WINDOWS\FONTS\smalle.fon
2023-05-15 11:25:42,776 DEBUG [main] FontFileFinder:136 - checkFontfile check C:\WINDOWS\FONTS\smallee.fon
2023-05-15 11:25:42,776 DEBUG [main] FontFileFinder:136 - checkFontfile check C:\WINDOWS\FONTS\smalleg.fon
2023-05-15 11:25:42,777 DEBUG [main] FontFileFinder:136 - checkFontfile check C:\WINDOWS\FONTS\smaller.fon
2023-05-15 11:25:42,777 DEBUG [main] FontFileFinder:136 - checkFontfile check C:\WINDOWS\FONTS\smallet.fon
2023-05-15 11:25:42,777 DEBUG [main] FontFileFinder:136 - checkFontfile check C:\WINDOWS\FONTS\smallf.fon
2023-05-15 11:25:42,777 DEBUG [main] FontFileFinder:136 - checkFontfile check C:\WINDOWS\FONTS\smallfe.fon
2023-05-15 11:25:42,777 DEBUG [main] FontFileFinder:136 - checkFontfile check C:\WINDOWS\FONTS\smallfg.fon
2023-05-15 11:25:42,778 DEBUG [main] FontFileFinder:136 - checkFontfile check C:\WINDOWS\FONTS\smallfr.fon
2023-05-15 11:25:42,778 DEBUG [main] FontFileFinder:136 - checkFontfile check C:\WINDOWS\FONTS\smallft.fon
2023-05-15 11:25:42,778 DEBUG [main] FontFileFinder:136 - checkFontfile check C:\WINDOWS\FONTS\ssee1255.fon
2023-05-15 11:25:42,778 DEBUG [main] FontFileFinder:136 - checkFontfile check C:\WINDOWS\FONTS\ssee1256.fon
2023-05-15 11:25:42,778 DEBUG [main] FontFileFinder:136 - checkFontfile check C:\WINDOWS\FONTS\ssee1257.fon
2023-05-15 11:25:42,778 DEBUG [main] FontFileFinder:136 - checkFontfile check C:\WINDOWS\FONTS\ssee874.fon
2023-05-15 11:25:42,779 DEBUG [main] FontFileFinder:136 - checkFontfile check C:\WINDOWS\FONTS\ssef1255.fon
2023-05-15 11:25:42,779 DEBUG [main] FontFileFinder:136 - checkFontfile check C:\WINDOWS\FONTS\ssef1256.fon
2023-05-15 11:25:42,779 DEBUG [main] FontFileFinder:136 - checkFontfile check C:\WINDOWS\FONTS\ssef1257.fon
2023-05-15 11:25:42,779 DEBUG [main] FontFileFinder:136 - checkFontfile check C:\WINDOWS\FONTS\ssef874.fon
2023-05-15 11:25:42,779 DEBUG [main] FontFileFinder:136 - checkFontfile check C:\WINDOWS\FONTS\sserife.fon
2023-05-15 11:25:42,780 DEBUG [main] FontFileFinder:136 - checkFontfile check C:\WINDOWS\FONTS\sserifee.fon
2023-05-15 11:25:42,780 DEBUG [main] FontFileFinder:136 - checkFontfile check C:\WINDOWS\FONTS\sserifeg.fon
2023-05-15 11:25:42,780 DEBUG [main] FontFileFinder:136 - checkFontfile check C:\WINDOWS\FONTS\sserifer.fon
2023-05-15 11:25:42,780 DEBUG [main] FontFileFinder:136 - checkFontfile check C:\WINDOWS\FONTS\sserifet.fon
2023-05-15 11:25:42,780 DEBUG [main] FontFileFinder:136 - checkFontfile check C:\WINDOWS\FONTS\sseriff.fon
2023-05-15 11:25:42,780 DEBUG [main] FontFileFinder:136 - checkFontfile check C:\WINDOWS\FONTS\sseriffe.fon
2023-05-15 11:25:42,781 DEBUG [main] FontFileFinder:136 - checkFontfile check C:\WINDOWS\FONTS\sseriffg.fon
2023-05-15 11:25:42,781 DEBUG [main] FontFileFinder:136 - checkFontfile check C:\WINDOWS\FONTS\sseriffr.fon
2023-05-15 11:25:42,781 DEBUG [main] FontFileFinder:136 - checkFontfile check C:\WINDOWS\FONTS\sserifft.fon
2023-05-15 11:25:42,781 DEBUG [main] FontFileFinder:136 - checkFontfile check C:\WINDOWS\FONTS\StaticCache.dat
2023-05-15 11:25:42,781 DEBUG [main] FontFileFinder:136 - checkFontfile check C:\WINDOWS\FONTS\svgafix.fon
2023-05-15 11:25:42,781 DEBUG [main] FontFileFinder:136 - checkFontfile check C:\WINDOWS\FONTS\svgasys.fon
2023-05-15 11:25:42,781 DEBUG [main] FontFileFinder:136 - checkFontfile check C:\WINDOWS\FONTS\sylfaen.ttf
2023-05-15 11:25:42,781 DEBUG [main] FontFileFinder:142 - checkFontfile found C:\WINDOWS\FONTS\sylfaen.ttf
2023-05-15 11:25:42,781 DEBUG [main] FontFileFinder:136 - checkFontfile check C:\WINDOWS\FONTS\symbol.ttf
2023-05-15 11:25:42,781 DEBUG [main] FontFileFinder:142 - checkFontfile found C:\WINDOWS\FONTS\symbol.ttf
2023-05-15 11:25:42,781 DEBUG [main] FontFileFinder:136 - checkFontfile check C:\WINDOWS\FONTS\tahoma.ttf
2023-05-15 11:25:42,781 DEBUG [main] FontFileFinder:142 - checkFontfile found C:\WINDOWS\FONTS\tahoma.ttf
2023-05-15 11:25:42,781 DEBUG [main] FontFileFinder:136 - checkFontfile check C:\WINDOWS\FONTS\tahomabd.ttf
2023-05-15 11:25:42,781 DEBUG [main] FontFileFinder:142 - checkFontfile found C:\WINDOWS\FONTS\tahomabd.ttf
2023-05-15 11:25:42,781 DEBUG [main] FontFileFinder:136 - checkFontfile check C:\WINDOWS\FONTS\taile.ttf
2023-05-15 11:25:42,781 DEBUG [main] FontFileFinder:142 - checkFontfile found C:\WINDOWS\FONTS\taile.ttf
2023-05-15 11:25:42,781 DEBUG [main] FontFileFinder:136 - checkFontfile check C:\WINDOWS\FONTS\taileb.ttf
2023-05-15 11:25:42,781 DEBUG [main] FontFileFinder:142 - checkFontfile found C:\WINDOWS\FONTS\taileb.ttf
2023-05-15 11:25:42,781 DEBUG [main] FontFileFinder:136 - checkFontfile check C:\WINDOWS\FONTS\times.ttf
2023-05-15 11:25:42,781 DEBUG [main] FontFileFinder:142 - checkFontfile found C:\WINDOWS\FONTS\times.ttf
2023-05-15 11:25:42,781 DEBUG [main] FontFileFinder:136 - checkFontfile check C:\WINDOWS\FONTS\timesbd.ttf
2023-05-15 11:25:42,781 DEBUG [main] FontFileFinder:142 - checkFontfile found C:\WINDOWS\FONTS\timesbd.ttf
2023-05-15 11:25:42,781 DEBUG [main] FontFileFinder:136 - checkFontfile check C:\WINDOWS\FONTS\timesbi.ttf
2023-05-15 11:25:42,781 DEBUG [main] FontFileFinder:142 - checkFontfile found C:\WINDOWS\FONTS\timesbi.ttf
2023-05-15 11:25:42,781 DEBUG [main] FontFileFinder:136 - checkFontfile check C:\WINDOWS\FONTS\timesi.ttf
2023-05-15 11:25:42,781 DEBUG [main] FontFileFinder:142 - checkFontfile found C:\WINDOWS\FONTS\timesi.ttf
2023-05-15 11:25:42,781 DEBUG [main] FontFileFinder:136 - checkFontfile check C:\WINDOWS\FONTS\trebuc.ttf
2023-05-15 11:25:42,781 DEBUG [main] FontFileFinder:142 - checkFontfile found C:\WINDOWS\FONTS\trebuc.ttf
2023-05-15 11:25:42,781 DEBUG [main] FontFileFinder:136 - checkFontfile check C:\WINDOWS\FONTS\trebucbd.ttf
2023-05-15 11:25:42,781 DEBUG [main] FontFileFinder:142 - checkFontfile found C:\WINDOWS\FONTS\trebucbd.ttf
2023-05-15 11:25:42,781 DEBUG [main] FontFileFinder:136 - checkFontfile check C:\WINDOWS\FONTS\trebucbi.ttf
2023-05-15 11:25:42,781 DEBUG [main] FontFileFinder:142 - checkFontfile found C:\WINDOWS\FONTS\trebucbi.ttf
2023-05-15 11:25:42,781 DEBUG [main] FontFileFinder:136 - checkFontfile check C:\WINDOWS\FONTS\trebucit.ttf
2023-05-15 11:25:42,781 DEBUG [main] FontFileFinder:142 - checkFontfile found C:\WINDOWS\FONTS\trebucit.ttf
2023-05-15 11:25:42,781 DEBUG [main] FontFileFinder:136 - checkFontfile check C:\WINDOWS\FONTS\verdana.ttf
2023-05-15 11:25:42,781 DEBUG [main] FontFileFinder:142 - checkFontfile found C:\WINDOWS\FONTS\verdana.ttf
2023-05-15 11:25:42,787 DEBUG [main] FontFileFinder:136 - checkFontfile check C:\WINDOWS\FONTS\verdanab.ttf
2023-05-15 11:25:42,788 DEBUG [main] FontFileFinder:142 - checkFontfile found C:\WINDOWS\FONTS\verdanab.ttf
2023-05-15 11:25:42,788 DEBUG [main] FontFileFinder:136 - checkFontfile check C:\WINDOWS\FONTS\verdanai.ttf
2023-05-15 11:25:42,788 DEBUG [main] FontFileFinder:142 - checkFontfile found C:\WINDOWS\FONTS\verdanai.ttf
2023-05-15 11:25:42,788 DEBUG [main] FontFileFinder:136 - checkFontfile check C:\WINDOWS\FONTS\verdanaz.ttf
2023-05-15 11:25:42,788 DEBUG [main] FontFileFinder:142 - checkFontfile found C:\WINDOWS\FONTS\verdanaz.ttf
2023-05-15 11:25:42,789 DEBUG [main] FontFileFinder:136 - checkFontfile check C:\WINDOWS\FONTS\vga737.fon
2023-05-15 11:25:42,789 DEBUG [main] FontFileFinder:136 - checkFontfile check C:\WINDOWS\FONTS\vga775.fon
2023-05-15 11:25:42,789 DEBUG [main] FontFileFinder:136 - checkFontfile check C:\WINDOWS\FONTS\vga850.fon
2023-05-15 11:25:42,789 DEBUG [main] FontFileFinder:136 - checkFontfile check C:\WINDOWS\FONTS\vga852.fon
2023-05-15 11:25:42,789 DEBUG [main] FontFileFinder:136 - checkFontfile check C:\WINDOWS\FONTS\vga855.fon
2023-05-15 11:25:42,789 DEBUG [main] FontFileFinder:136 - checkFontfile check C:\WINDOWS\FONTS\vga857.fon
2023-05-15 11:25:42,789 DEBUG [main] FontFileFinder:136 - checkFontfile check C:\WINDOWS\FONTS\vga860.fon
2023-05-15 11:25:42,790 DEBUG [main] FontFileFinder:136 - checkFontfile check C:\WINDOWS\FONTS\vga861.fon
2023-05-15 11:25:42,790 DEBUG [main] FontFileFinder:136 - checkFontfile check C:\WINDOWS\FONTS\vga863.fon
2023-05-15 11:25:42,790 DEBUG [main] FontFileFinder:136 - checkFontfile check C:\WINDOWS\FONTS\vga865.fon
2023-05-15 11:25:42,790 DEBUG [main] FontFileFinder:136 - checkFontfile check C:\WINDOWS\FONTS\vga866.fon
2023-05-15 11:25:42,790 DEBUG [main] FontFileFinder:136 - checkFontfile check C:\WINDOWS\FONTS\vga869.fon
2023-05-15 11:25:42,790 DEBUG [main] FontFileFinder:136 - checkFontfile check C:\WINDOWS\FONTS\vga932.fon
2023-05-15 11:25:42,791 DEBUG [main] FontFileFinder:136 - checkFontfile check C:\WINDOWS\FONTS\vga936.fon
2023-05-15 11:25:42,791 DEBUG [main] FontFileFinder:136 - checkFontfile check C:\WINDOWS\FONTS\vga949.fon
2023-05-15 11:25:42,791 DEBUG [main] FontFileFinder:136 - checkFontfile check C:\WINDOWS\FONTS\vga950.fon
2023-05-15 11:25:42,791 DEBUG [main] FontFileFinder:136 - checkFontfile check C:\WINDOWS\FONTS\vgaf1255.fon
2023-05-15 11:25:42,791 DEBUG [main] FontFileFinder:136 - checkFontfile check C:\WINDOWS\FONTS\vgaf1256.fon
2023-05-15 11:25:42,791 DEBUG [main] FontFileFinder:136 - checkFontfile check C:\WINDOWS\FONTS\vgaf1257.fon
2023-05-15 11:25:42,791 DEBUG [main] FontFileFinder:136 - checkFontfile check C:\WINDOWS\FONTS\vgaf874.fon
2023-05-15 11:25:42,791 DEBUG [main] FontFileFinder:136 - checkFontfile check C:\WINDOWS\FONTS\vgafix.fon
2023-05-15 11:25:42,793 DEBUG [main] FontFileFinder:136 - checkFontfile check C:\WINDOWS\FONTS\vgafixe.fon
2023-05-15 11:25:42,793 DEBUG [main] FontFileFinder:136 - checkFontfile check C:\WINDOWS\FONTS\vgafixg.fon
2023-05-15 11:25:42,793 DEBUG [main] FontFileFinder:136 - checkFontfile check C:\WINDOWS\FONTS\vgafixr.fon
2023-05-15 11:25:42,793 DEBUG [main] FontFileFinder:136 - checkFontfile check C:\WINDOWS\FONTS\vgafixt.fon
2023-05-15 11:25:42,793 DEBUG [main] FontFileFinder:136 - checkFontfile check C:\WINDOWS\FONTS\vgaoem.fon
2023-05-15 11:25:42,793 DEBUG [main] FontFileFinder:136 - checkFontfile check C:\WINDOWS\FONTS\vgas1255.fon
2023-05-15 11:25:42,794 DEBUG [main] FontFileFinder:136 - checkFontfile check C:\WINDOWS\FONTS\vgas1256.fon
2023-05-15 11:25:42,794 DEBUG [main] FontFileFinder:136 - checkFontfile check C:\WINDOWS\FONTS\vgas1257.fon
2023-05-15 11:25:42,794 DEBUG [main] FontFileFinder:136 - checkFontfile check C:\WINDOWS\FONTS\vgas874.fon
2023-05-15 11:25:42,794 DEBUG [main] FontFileFinder:136 - checkFontfile check C:\WINDOWS\FONTS\vgasys.fon
2023-05-15 11:25:42,794 DEBUG [main] FontFileFinder:136 - checkFontfile check C:\WINDOWS\FONTS\vgasyse.fon
2023-05-15 11:25:42,794 DEBUG [main] FontFileFinder:136 - checkFontfile check C:\WINDOWS\FONTS\vgasysg.fon
2023-05-15 11:25:42,794 DEBUG [main] FontFileFinder:136 - checkFontfile check C:\WINDOWS\FONTS\vgasysr.fon
2023-05-15 11:25:42,795 DEBUG [main] FontFileFinder:136 - checkFontfile check C:\WINDOWS\FONTS\vgasyst.fon
2023-05-15 11:25:42,795 DEBUG [main] FontFileFinder:136 - checkFontfile check C:\WINDOWS\FONTS\webdings.ttf
2023-05-15 11:25:42,795 DEBUG [main] FontFileFinder:142 - checkFontfile found C:\WINDOWS\FONTS\webdings.ttf
2023-05-15 11:25:42,795 DEBUG [main] FontFileFinder:136 - checkFontfile check C:\WINDOWS\FONTS\wingding.ttf
2023-05-15 11:25:42,795 DEBUG [main] FontFileFinder:142 - checkFontfile found C:\WINDOWS\FONTS\wingding.ttf
2023-05-15 11:25:42,796 DEBUG [main] FontFileFinder:136 - checkFontfile check C:\WINDOWS\FONTS\YuGothB.ttc
2023-05-15 11:25:42,796 DEBUG [main] FontFileFinder:142 - checkFontfile found C:\WINDOWS\FONTS\YuGothB.ttc
2023-05-15 11:25:42,796 DEBUG [main] FontFileFinder:136 - checkFontfile check C:\WINDOWS\FONTS\YuGothL.ttc
2023-05-15 11:25:42,796 DEBUG [main] FontFileFinder:142 - checkFontfile found C:\WINDOWS\FONTS\YuGothL.ttc
2023-05-15 11:25:42,797 DEBUG [main] FontFileFinder:136 - checkFontfile check C:\WINDOWS\FONTS\YuGothM.ttc
2023-05-15 11:25:42,797 DEBUG [main] FontFileFinder:142 - checkFontfile found C:\WINDOWS\FONTS\YuGothM.ttc
2023-05-15 11:25:42,797 DEBUG [main] FontFileFinder:136 - checkFontfile check C:\WINDOWS\FONTS\YuGothR.ttc
2023-05-15 11:25:42,797 DEBUG [main] FontFileFinder:142 - checkFontfile found C:\WINDOWS\FONTS\YuGothR.ttc
2023-05-15 11:25:42,821 DEBUG [main] FontMapperImpl:484 - getFont('TTF','TimesNewRomanPSMT') returns TimesNewRomanPSMT (TTF, mac: 0x0, os/2: 0x105, cid: null) C:\WINDOWS\FONTS\times.ttf
2023-05-15 11:25:42,826 DEBUG [main] FileSystemFontProvider:198 - Loaded TimesNewRomanPSMT from C:\WINDOWS\FONTS\times.ttf
2023-05-15 11:25:42,829 DEBUG [main] FontMapperImpl:484 - getFont('TTF','TimesNewRomanPS-BoldMT') returns TimesNewRomanPS-BoldMT (TTF, mac: 0x1, os/2: 0x105, cid: null) C:\WINDOWS\FONTS\timesbd.ttf
2023-05-15 11:25:42,829 DEBUG [main] FileSystemFontProvider:198 - Loaded TimesNewRomanPS-BoldMT from C:\WINDOWS\FONTS\timesbd.ttf
2023-05-15 11:25:42,838 DEBUG [main] FontMapperImpl:484 - getFont('TTF','TimesNewRomanPS-ItalicMT') returns TimesNewRomanPS-ItalicMT (TTF, mac: 0x2, os/2: 0x105, cid: null) C:\WINDOWS\FONTS\timesi.ttf
2023-05-15 11:25:42,840 DEBUG [main] FileSystemFontProvider:198 - Loaded TimesNewRomanPS-ItalicMT from C:\WINDOWS\FONTS\timesi.ttf
2023-05-15 11:25:42,844 DEBUG [main] FontMapperImpl:484 - getFont('TTF','TimesNewRomanPS-BoldItalicMT') returns TimesNewRomanPS-BoldItalicMT (TTF, mac: 0x3, os/2: 0x105, cid: null) C:\WINDOWS\FONTS\timesbi.ttf
2023-05-15 11:25:42,844 DEBUG [main] FileSystemFontProvider:198 - Loaded TimesNewRomanPS-BoldItalicMT from C:\WINDOWS\FONTS\timesbi.ttf
2023-05-15 11:25:42,851 DEBUG [main] FontMapperImpl:484 - getFont('TTF','ArialMT') returns ArialMT (TTF, mac: 0x0, os/2: 0x805, cid: null) C:\WINDOWS\FONTS\arial.ttf
2023-05-15 11:25:42,852 DEBUG [main] FileSystemFontProvider:198 - Loaded ArialMT from C:\WINDOWS\FONTS\arial.ttf
2023-05-15 11:25:42,857 DEBUG [main] FontMapperImpl:484 - getFont('TTF','Arial-BoldMT') returns Arial-BoldMT (TTF, mac: 0x1, os/2: 0x805, cid: null) C:\WINDOWS\FONTS\arialbd.ttf
2023-05-15 11:25:42,859 DEBUG [main] FileSystemFontProvider:198 - Loaded Arial-BoldMT from C:\WINDOWS\FONTS\arialbd.ttf
2023-05-15 11:25:42,862 DEBUG [main] FontMapperImpl:484 - getFont('TTF','Arial-ItalicMT') returns Arial-ItalicMT (TTF, mac: 0x2, os/2: 0x805, cid: null) C:\WINDOWS\FONTS\ariali.ttf
2023-05-15 11:25:42,864 DEBUG [main] FileSystemFontProvider:198 - Loaded Arial-ItalicMT from C:\WINDOWS\FONTS\ariali.ttf
2023-05-15 11:25:42,868 DEBUG [main] FontMapperImpl:484 - getFont('TTF','Arial-BoldItalicMT') returns Arial-BoldItalicMT (TTF, mac: 0x3, os/2: 0x805, cid: null) C:\WINDOWS\FONTS\arialbi.ttf
2023-05-15 11:25:42,871 DEBUG [main] FileSystemFontProvider:198 - Loaded Arial-BoldItalicMT from C:\WINDOWS\FONTS\arialbi.ttf
2023-05-15 11:25:42,875 DEBUG [main] FontMapperImpl:484 - getFont('TTF','CourierNewPSMT') returns CourierNewPSMT (TTF, mac: 0x0, os/2: 0x505, cid: null) C:\WINDOWS\FONTS\cour.ttf
2023-05-15 11:25:42,877 DEBUG [main] FileSystemFontProvider:198 - Loaded CourierNewPSMT from C:\WINDOWS\FONTS\cour.ttf
2023-05-15 11:25:42,881 DEBUG [main] FontMapperImpl:484 - getFont('TTF','CourierNewPS-BoldMT') returns CourierNewPS-BoldMT (TTF, mac: 0x1, os/2: 0x505, cid: null) C:\WINDOWS\FONTS\courbd.ttf
2023-05-15 11:25:42,883 DEBUG [main] FileSystemFontProvider:198 - Loaded CourierNewPS-BoldMT from C:\WINDOWS\FONTS\courbd.ttf
2023-05-15 11:25:42,888 DEBUG [main] FontMapperImpl:484 - getFont('TTF','CourierNewPS-ItalicMT') returns CourierNewPS-ItalicMT (TTF, mac: 0x2, os/2: 0x505, cid: null) C:\WINDOWS\FONTS\couri.ttf
2023-05-15 11:25:42,890 DEBUG [main] FileSystemFontProvider:198 - Loaded CourierNewPS-ItalicMT from C:\WINDOWS\FONTS\couri.ttf
2023-05-15 11:25:42,895 DEBUG [main] FontMapperImpl:484 - getFont('TTF','CourierNewPS-BoldItalicMT') returns CourierNewPS-BoldItalicMT (TTF, mac: 0x3, os/2: 0x505, cid: null) C:\WINDOWS\FONTS\courbi.ttf
2023-05-15 11:25:42,897 DEBUG [main] FileSystemFontProvider:198 - Loaded CourierNewPS-BoldItalicMT from C:\WINDOWS\FONTS\courbi.ttf
2023-05-15 11:25:42,899 DEBUG [main] FontMapperImpl:484 - getFont('TTF','SymbolMT') returns SymbolMT (TTF, mac: 0x0, os/2: 0xc03, cid: null) C:\WINDOWS\FONTS\symbol.ttf
2023-05-15 11:25:42,902 DEBUG [main] FileSystemFontProvider:198 - Loaded SymbolMT from C:\WINDOWS\FONTS\symbol.ttf
2023-05-15 11:25:42,906 DEBUG [main] FontMapperImpl:484 - getFont('TTF','MS-Gothic') returns MS-Gothic (TTF, mac: 0x0, os/2: 0x801, cid: null) C:\WINDOWS\FONTS\msgothic.ttc
2023-05-15 11:25:42,913 DEBUG [main] FileSystemFontProvider:198 - Loaded MS-Gothic from C:\WINDOWS\FONTS\msgothic.ttc
